{"/Users/a58/TestNewma/src/game/core/Block.ts": {"path":"/Users/a58/TestNewma/src/game/core/Block.ts","all":false,"statementMap":{"0":{"start":{"line":1,"column":0},"end":{"line":1,"column":40}},"1":{"start":{"line":2,"column":0},"end":{"line":2,"column":0}},"2":{"start":{"line":3,"column":0},"end":{"line":3,"column":64}},"3":{"start":{"line":4,"column":0},"end":{"line":4,"column":0}},"4":{"start":{"line":5,"column":0},"end":{"line":5,"column":27}},"5":{"start":{"line":6,"column":0},"end":{"line":6,"column":14}},"6":{"start":{"line":7,"column":0},"end":{"line":7,"column":14}},"7":{"start":{"line":8,"column":0},"end":{"line":8,"column":1}},"8":{"start":{"line":9,"column":0},"end":{"line":9,"column":0}},"9":{"start":{"line":10,"column":0},"end":{"line":10,"column":29}},"10":{"start":{"line":11,"column":0},"end":{"line":11,"column":20}},"11":{"start":{"line":12,"column":0},"end":{"line":12,"column":18}},"12":{"start":{"line":13,"column":0},"end":{"line":13,"column":28}},"13":{"start":{"line":14,"column":0},"end":{"line":14,"column":1}},"14":{"start":{"line":15,"column":0},"end":{"line":15,"column":0}},"15":{"start":{"line":16,"column":0},"end":{"line":16,"column":56}},"16":{"start":{"line":17,"column":0},"end":{"line":17,"column":17}},"17":{"start":{"line":18,"column":0},"end":{"line":18,"column":17}},"18":{"start":{"line":19,"column":0},"end":{"line":19,"column":17}},"19":{"start":{"line":20,"column":0},"end":{"line":20,"column":17}},"20":{"start":{"line":21,"column":0},"end":{"line":21,"column":17}},"21":{"start":{"line":22,"column":0},"end":{"line":22,"column":17}},"22":{"start":{"line":23,"column":0},"end":{"line":23,"column":16}},"23":{"start":{"line":24,"column":0},"end":{"line":24,"column":2}},"24":{"start":{"line":25,"column":0},"end":{"line":25,"column":0}},"25":{"start":{"line":26,"column":0},"end":{"line":26,"column":62}},"26":{"start":{"line":27,"column":0},"end":{"line":27,"column":8}},"27":{"start":{"line":28,"column":0},"end":{"line":28,"column":9}},"28":{"start":{"line":29,"column":0},"end":{"line":29,"column":25}},"29":{"start":{"line":30,"column":0},"end":{"line":30,"column":25}},"30":{"start":{"line":31,"column":0},"end":{"line":31,"column":25}},"31":{"start":{"line":32,"column":0},"end":{"line":32,"column":24}},"32":{"start":{"line":33,"column":0},"end":{"line":33,"column":10}},"33":{"start":{"line":34,"column":0},"end":{"line":34,"column":9}},"34":{"start":{"line":35,"column":0},"end":{"line":35,"column":25}},"35":{"start":{"line":36,"column":0},"end":{"line":36,"column":25}},"36":{"start":{"line":37,"column":0},"end":{"line":37,"column":25}},"37":{"start":{"line":38,"column":0},"end":{"line":38,"column":24}},"38":{"start":{"line":39,"column":0},"end":{"line":39,"column":10}},"39":{"start":{"line":40,"column":0},"end":{"line":40,"column":9}},"40":{"start":{"line":41,"column":0},"end":{"line":41,"column":25}},"41":{"start":{"line":42,"column":0},"end":{"line":42,"column":25}},"42":{"start":{"line":43,"column":0},"end":{"line":43,"column":25}},"43":{"start":{"line":44,"column":0},"end":{"line":44,"column":24}},"44":{"start":{"line":45,"column":0},"end":{"line":45,"column":10}},"45":{"start":{"line":46,"column":0},"end":{"line":46,"column":9}},"46":{"start":{"line":47,"column":0},"end":{"line":47,"column":25}},"47":{"start":{"line":48,"column":0},"end":{"line":48,"column":25}},"48":{"start":{"line":49,"column":0},"end":{"line":49,"column":25}},"49":{"start":{"line":50,"column":0},"end":{"line":50,"column":24}},"50":{"start":{"line":51,"column":0},"end":{"line":51,"column":9}},"51":{"start":{"line":52,"column":0},"end":{"line":52,"column":6}},"52":{"start":{"line":53,"column":0},"end":{"line":53,"column":8}},"53":{"start":{"line":54,"column":0},"end":{"line":54,"column":9}},"54":{"start":{"line":55,"column":0},"end":{"line":55,"column":25}},"55":{"start":{"line":56,"column":0},"end":{"line":56,"column":25}},"56":{"start":{"line":57,"column":0},"end":{"line":57,"column":25}},"57":{"start":{"line":58,"column":0},"end":{"line":58,"column":24}},"58":{"start":{"line":59,"column":0},"end":{"line":59,"column":10}},"59":{"start":{"line":60,"column":0},"end":{"line":60,"column":9}},"60":{"start":{"line":61,"column":0},"end":{"line":61,"column":25}},"61":{"start":{"line":62,"column":0},"end":{"line":62,"column":25}},"62":{"start":{"line":63,"column":0},"end":{"line":63,"column":25}},"63":{"start":{"line":64,"column":0},"end":{"line":64,"column":24}},"64":{"start":{"line":65,"column":0},"end":{"line":65,"column":10}},"65":{"start":{"line":66,"column":0},"end":{"line":66,"column":9}},"66":{"start":{"line":67,"column":0},"end":{"line":67,"column":25}},"67":{"start":{"line":68,"column":0},"end":{"line":68,"column":25}},"68":{"start":{"line":69,"column":0},"end":{"line":69,"column":25}},"69":{"start":{"line":70,"column":0},"end":{"line":70,"column":24}},"70":{"start":{"line":71,"column":0},"end":{"line":71,"column":10}},"71":{"start":{"line":72,"column":0},"end":{"line":72,"column":9}},"72":{"start":{"line":73,"column":0},"end":{"line":73,"column":25}},"73":{"start":{"line":74,"column":0},"end":{"line":74,"column":25}},"74":{"start":{"line":75,"column":0},"end":{"line":75,"column":25}},"75":{"start":{"line":76,"column":0},"end":{"line":76,"column":24}},"76":{"start":{"line":77,"column":0},"end":{"line":77,"column":9}},"77":{"start":{"line":78,"column":0},"end":{"line":78,"column":6}},"78":{"start":{"line":79,"column":0},"end":{"line":79,"column":8}},"79":{"start":{"line":80,"column":0},"end":{"line":80,"column":9}},"80":{"start":{"line":81,"column":0},"end":{"line":81,"column":25}},"81":{"start":{"line":82,"column":0},"end":{"line":82,"column":25}},"82":{"start":{"line":83,"column":0},"end":{"line":83,"column":25}},"83":{"start":{"line":84,"column":0},"end":{"line":84,"column":24}},"84":{"start":{"line":85,"column":0},"end":{"line":85,"column":10}},"85":{"start":{"line":86,"column":0},"end":{"line":86,"column":9}},"86":{"start":{"line":87,"column":0},"end":{"line":87,"column":25}},"87":{"start":{"line":88,"column":0},"end":{"line":88,"column":25}},"88":{"start":{"line":89,"column":0},"end":{"line":89,"column":25}},"89":{"start":{"line":90,"column":0},"end":{"line":90,"column":24}},"90":{"start":{"line":91,"column":0},"end":{"line":91,"column":10}},"91":{"start":{"line":92,"column":0},"end":{"line":92,"column":9}},"92":{"start":{"line":93,"column":0},"end":{"line":93,"column":25}},"93":{"start":{"line":94,"column":0},"end":{"line":94,"column":25}},"94":{"start":{"line":95,"column":0},"end":{"line":95,"column":25}},"95":{"start":{"line":96,"column":0},"end":{"line":96,"column":24}},"96":{"start":{"line":97,"column":0},"end":{"line":97,"column":10}},"97":{"start":{"line":98,"column":0},"end":{"line":98,"column":9}},"98":{"start":{"line":99,"column":0},"end":{"line":99,"column":25}},"99":{"start":{"line":100,"column":0},"end":{"line":100,"column":25}},"100":{"start":{"line":101,"column":0},"end":{"line":101,"column":25}},"101":{"start":{"line":102,"column":0},"end":{"line":102,"column":24}},"102":{"start":{"line":103,"column":0},"end":{"line":103,"column":9}},"103":{"start":{"line":104,"column":0},"end":{"line":104,"column":6}},"104":{"start":{"line":105,"column":0},"end":{"line":105,"column":8}},"105":{"start":{"line":106,"column":0},"end":{"line":106,"column":9}},"106":{"start":{"line":107,"column":0},"end":{"line":107,"column":25}},"107":{"start":{"line":108,"column":0},"end":{"line":108,"column":25}},"108":{"start":{"line":109,"column":0},"end":{"line":109,"column":25}},"109":{"start":{"line":110,"column":0},"end":{"line":110,"column":24}},"110":{"start":{"line":111,"column":0},"end":{"line":111,"column":10}},"111":{"start":{"line":112,"column":0},"end":{"line":112,"column":9}},"112":{"start":{"line":113,"column":0},"end":{"line":113,"column":25}},"113":{"start":{"line":114,"column":0},"end":{"line":114,"column":25}},"114":{"start":{"line":115,"column":0},"end":{"line":115,"column":25}},"115":{"start":{"line":116,"column":0},"end":{"line":116,"column":24}},"116":{"start":{"line":117,"column":0},"end":{"line":117,"column":10}},"117":{"start":{"line":118,"column":0},"end":{"line":118,"column":9}},"118":{"start":{"line":119,"column":0},"end":{"line":119,"column":25}},"119":{"start":{"line":120,"column":0},"end":{"line":120,"column":25}},"120":{"start":{"line":121,"column":0},"end":{"line":121,"column":25}},"121":{"start":{"line":122,"column":0},"end":{"line":122,"column":24}},"122":{"start":{"line":123,"column":0},"end":{"line":123,"column":10}},"123":{"start":{"line":124,"column":0},"end":{"line":124,"column":9}},"124":{"start":{"line":125,"column":0},"end":{"line":125,"column":25}},"125":{"start":{"line":126,"column":0},"end":{"line":126,"column":25}},"126":{"start":{"line":127,"column":0},"end":{"line":127,"column":25}},"127":{"start":{"line":128,"column":0},"end":{"line":128,"column":24}},"128":{"start":{"line":129,"column":0},"end":{"line":129,"column":9}},"129":{"start":{"line":130,"column":0},"end":{"line":130,"column":6}},"130":{"start":{"line":131,"column":0},"end":{"line":131,"column":8}},"131":{"start":{"line":132,"column":0},"end":{"line":132,"column":9}},"132":{"start":{"line":133,"column":0},"end":{"line":133,"column":25}},"133":{"start":{"line":134,"column":0},"end":{"line":134,"column":25}},"134":{"start":{"line":135,"column":0},"end":{"line":135,"column":25}},"135":{"start":{"line":136,"column":0},"end":{"line":136,"column":24}},"136":{"start":{"line":137,"column":0},"end":{"line":137,"column":10}},"137":{"start":{"line":138,"column":0},"end":{"line":138,"column":9}},"138":{"start":{"line":139,"column":0},"end":{"line":139,"column":25}},"139":{"start":{"line":140,"column":0},"end":{"line":140,"column":25}},"140":{"start":{"line":141,"column":0},"end":{"line":141,"column":25}},"141":{"start":{"line":142,"column":0},"end":{"line":142,"column":24}},"142":{"start":{"line":143,"column":0},"end":{"line":143,"column":10}},"143":{"start":{"line":144,"column":0},"end":{"line":144,"column":9}},"144":{"start":{"line":145,"column":0},"end":{"line":145,"column":25}},"145":{"start":{"line":146,"column":0},"end":{"line":146,"column":25}},"146":{"start":{"line":147,"column":0},"end":{"line":147,"column":25}},"147":{"start":{"line":148,"column":0},"end":{"line":148,"column":24}},"148":{"start":{"line":149,"column":0},"end":{"line":149,"column":10}},"149":{"start":{"line":150,"column":0},"end":{"line":150,"column":9}},"150":{"start":{"line":151,"column":0},"end":{"line":151,"column":25}},"151":{"start":{"line":152,"column":0},"end":{"line":152,"column":25}},"152":{"start":{"line":153,"column":0},"end":{"line":153,"column":25}},"153":{"start":{"line":154,"column":0},"end":{"line":154,"column":24}},"154":{"start":{"line":155,"column":0},"end":{"line":155,"column":9}},"155":{"start":{"line":156,"column":0},"end":{"line":156,"column":6}},"156":{"start":{"line":157,"column":0},"end":{"line":157,"column":8}},"157":{"start":{"line":158,"column":0},"end":{"line":158,"column":9}},"158":{"start":{"line":159,"column":0},"end":{"line":159,"column":25}},"159":{"start":{"line":160,"column":0},"end":{"line":160,"column":25}},"160":{"start":{"line":161,"column":0},"end":{"line":161,"column":25}},"161":{"start":{"line":162,"column":0},"end":{"line":162,"column":24}},"162":{"start":{"line":163,"column":0},"end":{"line":163,"column":10}},"163":{"start":{"line":164,"column":0},"end":{"line":164,"column":9}},"164":{"start":{"line":165,"column":0},"end":{"line":165,"column":25}},"165":{"start":{"line":166,"column":0},"end":{"line":166,"column":25}},"166":{"start":{"line":167,"column":0},"end":{"line":167,"column":25}},"167":{"start":{"line":168,"column":0},"end":{"line":168,"column":24}},"168":{"start":{"line":169,"column":0},"end":{"line":169,"column":10}},"169":{"start":{"line":170,"column":0},"end":{"line":170,"column":9}},"170":{"start":{"line":171,"column":0},"end":{"line":171,"column":25}},"171":{"start":{"line":172,"column":0},"end":{"line":172,"column":25}},"172":{"start":{"line":173,"column":0},"end":{"line":173,"column":25}},"173":{"start":{"line":174,"column":0},"end":{"line":174,"column":24}},"174":{"start":{"line":175,"column":0},"end":{"line":175,"column":10}},"175":{"start":{"line":176,"column":0},"end":{"line":176,"column":9}},"176":{"start":{"line":177,"column":0},"end":{"line":177,"column":25}},"177":{"start":{"line":178,"column":0},"end":{"line":178,"column":25}},"178":{"start":{"line":179,"column":0},"end":{"line":179,"column":25}},"179":{"start":{"line":180,"column":0},"end":{"line":180,"column":24}},"180":{"start":{"line":181,"column":0},"end":{"line":181,"column":9}},"181":{"start":{"line":182,"column":0},"end":{"line":182,"column":6}},"182":{"start":{"line":183,"column":0},"end":{"line":183,"column":8}},"183":{"start":{"line":184,"column":0},"end":{"line":184,"column":9}},"184":{"start":{"line":185,"column":0},"end":{"line":185,"column":25}},"185":{"start":{"line":186,"column":0},"end":{"line":186,"column":25}},"186":{"start":{"line":187,"column":0},"end":{"line":187,"column":25}},"187":{"start":{"line":188,"column":0},"end":{"line":188,"column":24}},"188":{"start":{"line":189,"column":0},"end":{"line":189,"column":10}},"189":{"start":{"line":190,"column":0},"end":{"line":190,"column":9}},"190":{"start":{"line":191,"column":0},"end":{"line":191,"column":25}},"191":{"start":{"line":192,"column":0},"end":{"line":192,"column":25}},"192":{"start":{"line":193,"column":0},"end":{"line":193,"column":25}},"193":{"start":{"line":194,"column":0},"end":{"line":194,"column":24}},"194":{"start":{"line":195,"column":0},"end":{"line":195,"column":10}},"195":{"start":{"line":196,"column":0},"end":{"line":196,"column":9}},"196":{"start":{"line":197,"column":0},"end":{"line":197,"column":25}},"197":{"start":{"line":198,"column":0},"end":{"line":198,"column":25}},"198":{"start":{"line":199,"column":0},"end":{"line":199,"column":25}},"199":{"start":{"line":200,"column":0},"end":{"line":200,"column":24}},"200":{"start":{"line":201,"column":0},"end":{"line":201,"column":10}},"201":{"start":{"line":202,"column":0},"end":{"line":202,"column":9}},"202":{"start":{"line":203,"column":0},"end":{"line":203,"column":25}},"203":{"start":{"line":204,"column":0},"end":{"line":204,"column":25}},"204":{"start":{"line":205,"column":0},"end":{"line":205,"column":25}},"205":{"start":{"line":206,"column":0},"end":{"line":206,"column":24}},"206":{"start":{"line":207,"column":0},"end":{"line":207,"column":9}},"207":{"start":{"line":208,"column":0},"end":{"line":208,"column":5}},"208":{"start":{"line":209,"column":0},"end":{"line":209,"column":2}},"209":{"start":{"line":210,"column":0},"end":{"line":210,"column":0}},"210":{"start":{"line":211,"column":0},"end":{"line":211,"column":20}},"211":{"start":{"line":212,"column":0},"end":{"line":212,"column":27}},"212":{"start":{"line":213,"column":0},"end":{"line":213,"column":30}},"213":{"start":{"line":214,"column":0},"end":{"line":214,"column":29}},"214":{"start":{"line":215,"column":0},"end":{"line":215,"column":49}},"215":{"start":{"line":216,"column":0},"end":{"line":216,"column":0}},"216":{"start":{"line":217,"column":0},"end":{"line":217,"column":35}},"217":{"start":{"line":218,"column":0},"end":{"line":218,"column":34}},"218":{"start":{"line":219,"column":0},"end":{"line":219,"column":5}},"219":{"start":{"line":220,"column":0},"end":{"line":220,"column":0}},"220":{"start":{"line":221,"column":0},"end":{"line":221,"column":28}},"221":{"start":{"line":222,"column":0},"end":{"line":222,"column":31}},"222":{"start":{"line":223,"column":0},"end":{"line":223,"column":5}},"223":{"start":{"line":224,"column":0},"end":{"line":224,"column":0}},"224":{"start":{"line":225,"column":0},"end":{"line":225,"column":28}},"225":{"start":{"line":226,"column":0},"end":{"line":226,"column":31}},"226":{"start":{"line":227,"column":0},"end":{"line":227,"column":5}},"227":{"start":{"line":228,"column":0},"end":{"line":228,"column":25}},"228":{"start":{"line":229,"column":0},"end":{"line":229,"column":0}},"229":{"start":{"line":230,"column":0},"end":{"line":230,"column":74}},"230":{"start":{"line":231,"column":0},"end":{"line":231,"column":25}},"231":{"start":{"line":232,"column":0},"end":{"line":232,"column":49}},"232":{"start":{"line":233,"column":0},"end":{"line":233,"column":31}},"233":{"start":{"line":234,"column":0},"end":{"line":234,"column":40}},"234":{"start":{"line":235,"column":0},"end":{"line":235,"column":5}},"235":{"start":{"line":236,"column":0},"end":{"line":236,"column":0}},"236":{"start":{"line":237,"column":0},"end":{"line":237,"column":35}},"237":{"start":{"line":238,"column":0},"end":{"line":238,"column":59}},"238":{"start":{"line":239,"column":0},"end":{"line":239,"column":5}},"239":{"start":{"line":240,"column":0},"end":{"line":240,"column":0}},"240":{"start":{"line":241,"column":0},"end":{"line":241,"column":31}},"241":{"start":{"line":242,"column":0},"end":{"line":242,"column":38}},"242":{"start":{"line":243,"column":0},"end":{"line":243,"column":37}},"243":{"start":{"line":244,"column":0},"end":{"line":244,"column":8}},"244":{"start":{"line":245,"column":0},"end":{"line":245,"column":54}},"245":{"start":{"line":246,"column":0},"end":{"line":246,"column":63}},"246":{"start":{"line":247,"column":0},"end":{"line":247,"column":44}},"247":{"start":{"line":248,"column":0},"end":{"line":248,"column":32}},"248":{"start":{"line":249,"column":0},"end":{"line":249,"column":49}},"249":{"start":{"line":250,"column":0},"end":{"line":250,"column":48}},"250":{"start":{"line":251,"column":0},"end":{"line":251,"column":23}},"251":{"start":{"line":252,"column":0},"end":{"line":252,"column":17}},"252":{"start":{"line":253,"column":0},"end":{"line":253,"column":13}},"253":{"start":{"line":254,"column":0},"end":{"line":254,"column":9}},"254":{"start":{"line":255,"column":0},"end":{"line":255,"column":21}},"255":{"start":{"line":256,"column":0},"end":{"line":256,"column":5}},"256":{"start":{"line":257,"column":0},"end":{"line":257,"column":0}},"257":{"start":{"line":258,"column":0},"end":{"line":258,"column":65}},"258":{"start":{"line":259,"column":0},"end":{"line":259,"column":22}},"259":{"start":{"line":260,"column":0},"end":{"line":260,"column":22}},"260":{"start":{"line":261,"column":0},"end":{"line":261,"column":42}},"261":{"start":{"line":262,"column":0},"end":{"line":262,"column":5}},"262":{"start":{"line":263,"column":0},"end":{"line":263,"column":0}},"263":{"start":{"line":264,"column":0},"end":{"line":264,"column":50}},"264":{"start":{"line":265,"column":0},"end":{"line":265,"column":20}},"265":{"start":{"line":266,"column":0},"end":{"line":266,"column":20}},"266":{"start":{"line":267,"column":0},"end":{"line":267,"column":42}},"267":{"start":{"line":268,"column":0},"end":{"line":268,"column":5}},"268":{"start":{"line":269,"column":0},"end":{"line":269,"column":0}},"269":{"start":{"line":270,"column":0},"end":{"line":270,"column":61}},"270":{"start":{"line":271,"column":0},"end":{"line":271,"column":71}},"271":{"start":{"line":272,"column":0},"end":{"line":272,"column":41}},"272":{"start":{"line":273,"column":0},"end":{"line":273,"column":37}},"273":{"start":{"line":274,"column":0},"end":{"line":274,"column":59}},"274":{"start":{"line":275,"column":0},"end":{"line":275,"column":27}},"275":{"start":{"line":276,"column":0},"end":{"line":276,"column":5}},"276":{"start":{"line":277,"column":0},"end":{"line":277,"column":33}},"277":{"start":{"line":278,"column":0},"end":{"line":278,"column":25}},"278":{"start":{"line":279,"column":0},"end":{"line":279,"column":5}},"279":{"start":{"line":280,"column":0},"end":{"line":280,"column":0}},"280":{"start":{"line":281,"column":0},"end":{"line":281,"column":36}},"281":{"start":{"line":282,"column":0},"end":{"line":282,"column":29}},"282":{"start":{"line":283,"column":0},"end":{"line":283,"column":5}},"283":{"start":{"line":284,"column":0},"end":{"line":284,"column":0}},"284":{"start":{"line":285,"column":0},"end":{"line":285,"column":43}},"285":{"start":{"line":286,"column":0},"end":{"line":286,"column":40}},"286":{"start":{"line":287,"column":0},"end":{"line":287,"column":5}},"287":{"start":{"line":288,"column":0},"end":{"line":288,"column":0}},"288":{"start":{"line":289,"column":0},"end":{"line":289,"column":57}},"289":{"start":{"line":290,"column":0},"end":{"line":290,"column":41}},"290":{"start":{"line":291,"column":0},"end":{"line":291,"column":5}},"291":{"start":{"line":292,"column":0},"end":{"line":292,"column":0}},"292":{"start":{"line":293,"column":0},"end":{"line":293,"column":41}},"293":{"start":{"line":294,"column":0},"end":{"line":294,"column":0}},"294":{"start":{"line":295,"column":0},"end":{"line":295,"column":36}},"295":{"start":{"line":296,"column":0},"end":{"line":296,"column":23}},"296":{"start":{"line":297,"column":0},"end":{"line":297,"column":5}},"297":{"start":{"line":298,"column":0},"end":{"line":298,"column":0}},"298":{"start":{"line":299,"column":0},"end":{"line":299,"column":37}},"299":{"start":{"line":300,"column":0},"end":{"line":300,"column":33}},"300":{"start":{"line":301,"column":0},"end":{"line":301,"column":56}},"301":{"start":{"line":302,"column":0},"end":{"line":302,"column":56}},"302":{"start":{"line":303,"column":0},"end":{"line":303,"column":58}},"303":{"start":{"line":304,"column":0},"end":{"line":304,"column":72}},"304":{"start":{"line":305,"column":0},"end":{"line":305,"column":9}},"305":{"start":{"line":306,"column":0},"end":{"line":306,"column":5}},"306":{"start":{"line":307,"column":0},"end":{"line":307,"column":4}},"307":{"start":{"line":308,"column":0},"end":{"line":308,"column":34}},"308":{"start":{"line":309,"column":0},"end":{"line":309,"column":27}},"309":{"start":{"line":310,"column":0},"end":{"line":310,"column":1}},"310":{"start":{"line":311,"column":0},"end":{"line":311,"column":1}}},"s":{"0":1,"1":1,"2":1,"3":1,"4":1,"5":1,"6":1,"7":1,"8":1,"9":1,"10":1,"11":1,"12":1,"13":1,"14":1,"15":1,"16":1,"17":1,"18":1,"19":1,"20":1,"21":1,"22":1,"23":1,"24":1,"25":1,"26":1,"27":1,"28":1,"29":1,"30":1,"31":1,"32":1,"33":1,"34":1,"35":1,"36":1,"37":1,"38":1,"39":1,"40":1,"41":1,"42":1,"43":1,"44":1,"45":1,"46":1,"47":1,"48":1,"49":1,"50":1,"51":1,"52":1,"53":1,"54":1,"55":1,"56":1,"57":1,"58":1,"59":1,"60":1,"61":1,"62":1,"63":1,"64":1,"65":1,"66":1,"67":1,"68":1,"69":1,"70":1,"71":1,"72":1,"73":1,"74":1,"75":1,"76":1,"77":1,"78":1,"79":1,"80":1,"81":1,"82":1,"83":1,"84":1,"85":1,"86":1,"87":1,"88":1,"89":1,"90":1,"91":1,"92":1,"93":1,"94":1,"95":1,"96":1,"97":1,"98":1,"99":1,"100":1,"101":1,"102":1,"103":1,"104":1,"105":1,"106":1,"107":1,"108":1,"109":1,"110":1,"111":1,"112":1,"113":1,"114":1,"115":1,"116":1,"117":1,"118":1,"119":1,"120":1,"121":1,"122":1,"123":1,"124":1,"125":1,"126":1,"127":1,"128":1,"129":1,"130":1,"131":1,"132":1,"133":1,"134":1,"135":1,"136":1,"137":1,"138":1,"139":1,"140":1,"141":1,"142":1,"143":1,"144":1,"145":1,"146":1,"147":1,"148":1,"149":1,"150":1,"151":1,"152":1,"153":1,"154":1,"155":1,"156":1,"157":1,"158":1,"159":1,"160":1,"161":1,"162":1,"163":1,"164":1,"165":1,"166":1,"167":1,"168":1,"169":1,"170":1,"171":1,"172":1,"173":1,"174":1,"175":1,"176":1,"177":1,"178":1,"179":1,"180":1,"181":1,"182":1,"183":1,"184":1,"185":1,"186":1,"187":1,"188":1,"189":1,"190":1,"191":1,"192":1,"193":1,"194":1,"195":1,"196":1,"197":1,"198":1,"199":1,"200":1,"201":1,"202":1,"203":1,"204":1,"205":1,"206":1,"207":1,"208":1,"209":1,"210":1,"211":1,"212":1,"213":1,"214":1,"215":1,"216":1,"217":1,"218":1,"219":1,"220":1,"221":3,"222":3,"223":1,"224":1,"225":3,"226":3,"227":1,"228":1,"229":1,"230":50,"231":50,"232":50,"233":50,"234":50,"235":1,"236":1,"237":13,"238":13,"239":1,"240":1,"241":11,"242":11,"243":11,"244":11,"245":44,"246":176,"247":44,"248":44,"249":44,"250":44,"251":44,"252":176,"253":44,"254":11,"255":11,"256":1,"257":1,"258":0,"259":0,"260":0,"261":0,"262":1,"263":1,"264":0,"265":0,"266":0,"267":0,"268":1,"269":1,"270":6,"271":6,"272":6,"273":6,"274":6,"275":6,"276":1,"277":0,"278":0,"279":1,"280":1,"281":0,"282":0,"283":1,"284":1,"285":0,"286":0,"287":1,"288":1,"289":0,"290":0,"291":1,"292":1,"293":1,"294":1,"295":9,"296":9,"297":1,"298":1,"299":26,"300":8,"301":8,"302":48,"303":48,"304":48,"305":8,"306":26,"307":26,"308":26,"309":26,"310":1},"branchMap":{"0":{"type":"branch","line":230,"loc":{"start":{"line":230,"column":4},"end":{"line":235,"column":5}},"locations":[{"start":{"line":230,"column":4},"end":{"line":235,"column":5}}]},"1":{"type":"branch","line":221,"loc":{"start":{"line":221,"column":4},"end":{"line":223,"column":5}},"locations":[{"start":{"line":221,"column":4},"end":{"line":223,"column":5}}]},"2":{"type":"branch","line":225,"loc":{"start":{"line":225,"column":4},"end":{"line":227,"column":5}},"locations":[{"start":{"line":225,"column":4},"end":{"line":227,"column":5}}]},"3":{"type":"branch","line":237,"loc":{"start":{"line":237,"column":11},"end":{"line":239,"column":5}},"locations":[{"start":{"line":237,"column":11},"end":{"line":239,"column":5}}]},"4":{"type":"branch","line":241,"loc":{"start":{"line":241,"column":7},"end":{"line":256,"column":5}},"locations":[{"start":{"line":241,"column":7},"end":{"line":256,"column":5}}]},"5":{"type":"branch","line":245,"loc":{"start":{"line":245,"column":53},"end":{"line":254,"column":9}},"locations":[{"start":{"line":245,"column":53},"end":{"line":254,"column":9}}]},"6":{"type":"branch","line":246,"loc":{"start":{"line":246,"column":62},"end":{"line":253,"column":13}},"locations":[{"start":{"line":246,"column":62},"end":{"line":253,"column":13}}]},"7":{"type":"branch","line":247,"loc":{"start":{"line":247,"column":43},"end":{"line":252,"column":17}},"locations":[{"start":{"line":247,"column":43},"end":{"line":252,"column":17}}]},"8":{"type":"branch","line":270,"loc":{"start":{"line":270,"column":7},"end":{"line":276,"column":5}},"locations":[{"start":{"line":270,"column":7},"end":{"line":276,"column":5}}]},"9":{"type":"branch","line":271,"loc":{"start":{"line":271,"column":47},"end":{"line":271,"column":63}},"locations":[{"start":{"line":271,"column":47},"end":{"line":271,"column":63}}]},"10":{"type":"branch","line":271,"loc":{"start":{"line":271,"column":59},"end":{"line":271,"column":69}},"locations":[{"start":{"line":271,"column":59},"end":{"line":271,"column":69}}]},"11":{"type":"branch","line":295,"loc":{"start":{"line":295,"column":18},"end":{"line":297,"column":5}},"locations":[{"start":{"line":295,"column":18},"end":{"line":297,"column":5}}]},"12":{"type":"branch","line":299,"loc":{"start":{"line":299,"column":14},"end":{"line":310,"column":1}},"locations":[{"start":{"line":299,"column":14},"end":{"line":310,"column":1}}]},"13":{"type":"branch","line":300,"loc":{"start":{"line":300,"column":32},"end":{"line":306,"column":5}},"locations":[{"start":{"line":300,"column":32},"end":{"line":306,"column":5}}]},"14":{"type":"branch","line":302,"loc":{"start":{"line":302,"column":55},"end":{"line":305,"column":9}},"locations":[{"start":{"line":302,"column":55},"end":{"line":305,"column":9}}]}},"b":{"0":[50],"1":[3],"2":[3],"3":[13],"4":[11],"5":[44],"6":[176],"7":[44],"8":[6],"9":[3],"10":[3],"11":[9],"12":[26],"13":[8],"14":[48]},"fnMap":{"0":{"name":"_Block","decl":{"start":{"line":230,"column":4},"end":{"line":235,"column":5}},"loc":{"start":{"line":230,"column":4},"end":{"line":235,"column":5}},"line":230},"1":{"name":"get x","decl":{"start":{"line":221,"column":4},"end":{"line":223,"column":5}},"loc":{"start":{"line":221,"column":4},"end":{"line":223,"column":5}},"line":221},"2":{"name":"get y","decl":{"start":{"line":225,"column":4},"end":{"line":227,"column":5}},"loc":{"start":{"line":225,"column":4},"end":{"line":227,"column":5}},"line":225},"3":{"name":"getShape","decl":{"start":{"line":237,"column":11},"end":{"line":239,"column":5}},"loc":{"start":{"line":237,"column":11},"end":{"line":239,"column":5}},"line":237},"4":{"name":"getCells","decl":{"start":{"line":241,"column":7},"end":{"line":256,"column":5}},"loc":{"start":{"line":241,"column":7},"end":{"line":256,"column":5}},"line":241},"5":{"name":"move","decl":{"start":{"line":258,"column":7},"end":{"line":262,"column":5}},"loc":{"start":{"line":258,"column":7},"end":{"line":262,"column":5}},"line":258},"6":{"name":"resetPosition","decl":{"start":{"line":264,"column":7},"end":{"line":268,"column":5}},"loc":{"start":{"line":264,"column":7},"end":{"line":268,"column":5}},"line":264},"7":{"name":"rotate","decl":{"start":{"line":270,"column":7},"end":{"line":276,"column":5}},"loc":{"start":{"line":270,"column":7},"end":{"line":276,"column":5}},"line":270},"8":{"name":"getType","decl":{"start":{"line":277,"column":11},"end":{"line":279,"column":5}},"loc":{"start":{"line":277,"column":11},"end":{"line":279,"column":5}},"line":277},"9":{"name":"getPosition","decl":{"start":{"line":281,"column":11},"end":{"line":283,"column":5}},"loc":{"start":{"line":281,"column":11},"end":{"line":283,"column":5}},"line":281},"10":{"name":"wasLastMoveRotation","decl":{"start":{"line":285,"column":11},"end":{"line":287,"column":5}},"loc":{"start":{"line":285,"column":11},"end":{"line":287,"column":5}},"line":285},"11":{"name":"setLastMoveWasRotation","decl":{"start":{"line":289,"column":11},"end":{"line":291,"column":5}},"loc":{"start":{"line":289,"column":11},"end":{"line":291,"column":5}},"line":289},"12":{"name":"resetBag","decl":{"start":{"line":295,"column":18},"end":{"line":297,"column":5}},"loc":{"start":{"line":295,"column":18},"end":{"line":297,"column":5}},"line":295},"13":{"name":"createRandom","decl":{"start":{"line":299,"column":14},"end":{"line":310,"column":1}},"loc":{"start":{"line":299,"column":14},"end":{"line":310,"column":1}},"line":299}},"f":{"0":50,"1":3,"2":3,"3":13,"4":11,"5":0,"6":0,"7":6,"8":0,"9":0,"10":0,"11":0,"12":9,"13":26}}
,"/Users/a58/TestNewma/src/game/core/Grid.ts": {"path":"/Users/a58/TestNewma/src/game/core/Grid.ts","all":false,"statementMap":{"0":{"start":{"line":1,"column":0},"end":{"line":1,"column":27}},"1":{"start":{"line":2,"column":0},"end":{"line":2,"column":46}},"2":{"start":{"line":3,"column":0},"end":{"line":3,"column":0}},"3":{"start":{"line":4,"column":0},"end":{"line":4,"column":19}},"4":{"start":{"line":5,"column":0},"end":{"line":5,"column":24}},"5":{"start":{"line":6,"column":0},"end":{"line":6,"column":25}},"6":{"start":{"line":7,"column":0},"end":{"line":7,"column":35}},"7":{"start":{"line":8,"column":0},"end":{"line":8,"column":0}},"8":{"start":{"line":9,"column":0},"end":{"line":9,"column":56}},"9":{"start":{"line":10,"column":0},"end":{"line":10,"column":23}},"10":{"start":{"line":11,"column":0},"end":{"line":11,"column":25}},"11":{"start":{"line":12,"column":0},"end":{"line":12,"column":40}},"12":{"start":{"line":13,"column":0},"end":{"line":13,"column":3}},"13":{"start":{"line":14,"column":0},"end":{"line":14,"column":0}},"14":{"start":{"line":15,"column":0},"end":{"line":15,"column":48}},"15":{"start":{"line":16,"column":0},"end":{"line":16,"column":29}},"16":{"start":{"line":17,"column":0},"end":{"line":17,"column":52}},"17":{"start":{"line":18,"column":0},"end":{"line":18,"column":52}},"18":{"start":{"line":19,"column":0},"end":{"line":19,"column":6}},"19":{"start":{"line":20,"column":0},"end":{"line":20,"column":3}},"20":{"start":{"line":21,"column":0},"end":{"line":21,"column":0}},"21":{"start":{"line":22,"column":0},"end":{"line":22,"column":22}},"22":{"start":{"line":23,"column":0},"end":{"line":23,"column":40}},"23":{"start":{"line":24,"column":0},"end":{"line":24,"column":3}},"24":{"start":{"line":25,"column":0},"end":{"line":25,"column":0}},"25":{"start":{"line":26,"column":0},"end":{"line":26,"column":24}},"26":{"start":{"line":27,"column":0},"end":{"line":27,"column":40}},"27":{"start":{"line":28,"column":0},"end":{"line":28,"column":3}},"28":{"start":{"line":29,"column":0},"end":{"line":29,"column":0}},"29":{"start":{"line":30,"column":0},"end":{"line":30,"column":46}},"30":{"start":{"line":31,"column":0},"end":{"line":31,"column":34}},"31":{"start":{"line":32,"column":0},"end":{"line":32,"column":32}},"32":{"start":{"line":33,"column":0},"end":{"line":33,"column":32}},"33":{"start":{"line":34,"column":0},"end":{"line":34,"column":44}},"34":{"start":{"line":35,"column":0},"end":{"line":35,"column":49}},"35":{"start":{"line":36,"column":0},"end":{"line":36,"column":26}},"36":{"start":{"line":37,"column":0},"end":{"line":37,"column":37}},"37":{"start":{"line":38,"column":0},"end":{"line":38,"column":37}},"38":{"start":{"line":39,"column":0},"end":{"line":39,"column":90}},"39":{"start":{"line":40,"column":0},"end":{"line":40,"column":42}},"40":{"start":{"line":41,"column":0},"end":{"line":41,"column":27}},"41":{"start":{"line":42,"column":0},"end":{"line":42,"column":37}},"42":{"start":{"line":43,"column":0},"end":{"line":43,"column":34}},"43":{"start":{"line":44,"column":0},"end":{"line":44,"column":14}},"44":{"start":{"line":45,"column":0},"end":{"line":45,"column":11}},"45":{"start":{"line":46,"column":0},"end":{"line":46,"column":9}},"46":{"start":{"line":47,"column":0},"end":{"line":47,"column":7}},"47":{"start":{"line":48,"column":0},"end":{"line":48,"column":5}},"48":{"start":{"line":49,"column":0},"end":{"line":49,"column":3}},"49":{"start":{"line":50,"column":0},"end":{"line":50,"column":0}},"50":{"start":{"line":51,"column":0},"end":{"line":51,"column":58}},"51":{"start":{"line":52,"column":0},"end":{"line":52,"column":22}},"52":{"start":{"line":53,"column":0},"end":{"line":53,"column":3}},"53":{"start":{"line":54,"column":0},"end":{"line":54,"column":0}},"54":{"start":{"line":55,"column":0},"end":{"line":55,"column":30}},"55":{"start":{"line":56,"column":0},"end":{"line":56,"column":25}},"56":{"start":{"line":57,"column":0},"end":{"line":57,"column":23}},"57":{"start":{"line":58,"column":0},"end":{"line":58,"column":3}},"58":{"start":{"line":59,"column":0},"end":{"line":59,"column":0}},"59":{"start":{"line":60,"column":0},"end":{"line":60,"column":38}},"60":{"start":{"line":61,"column":0},"end":{"line":61,"column":77}},"61":{"start":{"line":62,"column":0},"end":{"line":62,"column":3}},"62":{"start":{"line":63,"column":0},"end":{"line":63,"column":0}},"63":{"start":{"line":64,"column":0},"end":{"line":64,"column":32}},"64":{"start":{"line":65,"column":0},"end":{"line":65,"column":32}},"65":{"start":{"line":66,"column":0},"end":{"line":66,"column":35}},"66":{"start":{"line":67,"column":0},"end":{"line":67,"column":17}},"67":{"start":{"line":68,"column":0},"end":{"line":68,"column":6}},"68":{"start":{"line":69,"column":0},"end":{"line":69,"column":3}},"69":{"start":{"line":70,"column":0},"end":{"line":70,"column":0}},"70":{"start":{"line":71,"column":0},"end":{"line":71,"column":53}},"71":{"start":{"line":72,"column":0},"end":{"line":72,"column":37}},"72":{"start":{"line":73,"column":0},"end":{"line":73,"column":19}},"73":{"start":{"line":74,"column":0},"end":{"line":74,"column":30}},"74":{"start":{"line":75,"column":0},"end":{"line":75,"column":5}},"75":{"start":{"line":76,"column":0},"end":{"line":76,"column":16}},"76":{"start":{"line":77,"column":0},"end":{"line":77,"column":3}},"77":{"start":{"line":78,"column":0},"end":{"line":78,"column":0}},"78":{"start":{"line":79,"column":0},"end":{"line":79,"column":55}},"79":{"start":{"line":80,"column":0},"end":{"line":80,"column":76}},"80":{"start":{"line":81,"column":0},"end":{"line":81,"column":66}},"81":{"start":{"line":82,"column":0},"end":{"line":82,"column":3}},"82":{"start":{"line":83,"column":0},"end":{"line":83,"column":0}},"83":{"start":{"line":84,"column":0},"end":{"line":84,"column":44}},"84":{"start":{"line":85,"column":0},"end":{"line":85,"column":17}},"85":{"start":{"line":86,"column":0},"end":{"line":86,"column":36}},"86":{"start":{"line":87,"column":0},"end":{"line":87,"column":36}},"87":{"start":{"line":88,"column":0},"end":{"line":88,"column":45}},"88":{"start":{"line":89,"column":0},"end":{"line":89,"column":37}},"89":{"start":{"line":90,"column":0},"end":{"line":90,"column":31}},"90":{"start":{"line":91,"column":0},"end":{"line":91,"column":9}},"91":{"start":{"line":92,"column":0},"end":{"line":92,"column":7}},"92":{"start":{"line":93,"column":0},"end":{"line":93,"column":5}},"93":{"start":{"line":94,"column":0},"end":{"line":94,"column":0}},"94":{"start":{"line":95,"column":0},"end":{"line":95,"column":44}},"95":{"start":{"line":96,"column":0},"end":{"line":96,"column":0}},"96":{"start":{"line":97,"column":0},"end":{"line":97,"column":36}},"97":{"start":{"line":98,"column":0},"end":{"line":98,"column":43}},"98":{"start":{"line":99,"column":0},"end":{"line":99,"column":72}},"99":{"start":{"line":100,"column":0},"end":{"line":100,"column":71}},"100":{"start":{"line":101,"column":0},"end":{"line":101,"column":52}},"101":{"start":{"line":102,"column":0},"end":{"line":102,"column":6}},"102":{"start":{"line":103,"column":0},"end":{"line":103,"column":46}},"103":{"start":{"line":104,"column":0},"end":{"line":104,"column":0}},"104":{"start":{"line":105,"column":0},"end":{"line":105,"column":31}},"105":{"start":{"line":106,"column":0},"end":{"line":106,"column":3}},"106":{"start":{"line":107,"column":0},"end":{"line":107,"column":45}},"107":{"start":{"line":108,"column":0},"end":{"line":108,"column":42}},"108":{"start":{"line":109,"column":0},"end":{"line":109,"column":36}},"109":{"start":{"line":110,"column":0},"end":{"line":110,"column":42}},"110":{"start":{"line":111,"column":0},"end":{"line":111,"column":21}},"111":{"start":{"line":112,"column":0},"end":{"line":112,"column":7}},"112":{"start":{"line":113,"column":0},"end":{"line":113,"column":5}},"113":{"start":{"line":114,"column":0},"end":{"line":114,"column":16}},"114":{"start":{"line":115,"column":0},"end":{"line":115,"column":3}},"115":{"start":{"line":116,"column":0},"end":{"line":116,"column":0}},"116":{"start":{"line":117,"column":0},"end":{"line":117,"column":0}},"117":{"start":{"line":118,"column":0},"end":{"line":118,"column":49}},"118":{"start":{"line":119,"column":0},"end":{"line":119,"column":64}},"119":{"start":{"line":120,"column":0},"end":{"line":120,"column":19}},"120":{"start":{"line":121,"column":0},"end":{"line":121,"column":5}},"121":{"start":{"line":122,"column":0},"end":{"line":122,"column":37}},"122":{"start":{"line":123,"column":0},"end":{"line":123,"column":3}},"123":{"start":{"line":124,"column":0},"end":{"line":124,"column":54}},"124":{"start":{"line":125,"column":0},"end":{"line":125,"column":34}},"125":{"start":{"line":126,"column":0},"end":{"line":126,"column":32}},"126":{"start":{"line":127,"column":0},"end":{"line":127,"column":32}},"127":{"start":{"line":128,"column":0},"end":{"line":128,"column":44}},"128":{"start":{"line":129,"column":0},"end":{"line":129,"column":49}},"129":{"start":{"line":130,"column":0},"end":{"line":130,"column":26}},"130":{"start":{"line":131,"column":0},"end":{"line":131,"column":37}},"131":{"start":{"line":132,"column":0},"end":{"line":132,"column":37}},"132":{"start":{"line":133,"column":0},"end":{"line":133,"column":0}},"133":{"start":{"line":134,"column":0},"end":{"line":134,"column":25}},"134":{"start":{"line":135,"column":0},"end":{"line":135,"column":54}},"135":{"start":{"line":136,"column":0},"end":{"line":136,"column":24}},"136":{"start":{"line":137,"column":0},"end":{"line":137,"column":11}},"137":{"start":{"line":138,"column":0},"end":{"line":138,"column":0}},"138":{"start":{"line":139,"column":0},"end":{"line":139,"column":46}},"139":{"start":{"line":140,"column":0},"end":{"line":140,"column":46}},"140":{"start":{"line":141,"column":0},"end":{"line":141,"column":24}},"141":{"start":{"line":142,"column":0},"end":{"line":142,"column":11}},"142":{"start":{"line":143,"column":0},"end":{"line":143,"column":9}},"143":{"start":{"line":144,"column":0},"end":{"line":144,"column":7}},"144":{"start":{"line":145,"column":0},"end":{"line":145,"column":5}},"145":{"start":{"line":146,"column":0},"end":{"line":146,"column":0}},"146":{"start":{"line":147,"column":0},"end":{"line":147,"column":17}},"147":{"start":{"line":148,"column":0},"end":{"line":148,"column":3}},"148":{"start":{"line":149,"column":0},"end":{"line":149,"column":0}},"149":{"start":{"line":150,"column":0},"end":{"line":150,"column":82}},"150":{"start":{"line":151,"column":0},"end":{"line":151,"column":24}},"151":{"start":{"line":152,"column":0},"end":{"line":152,"column":0}},"152":{"start":{"line":153,"column":0},"end":{"line":153,"column":74}},"153":{"start":{"line":154,"column":0},"end":{"line":154,"column":15}},"154":{"start":{"line":155,"column":0},"end":{"line":155,"column":5}},"155":{"start":{"line":156,"column":0},"end":{"line":156,"column":0}},"156":{"start":{"line":157,"column":0},"end":{"line":157,"column":18}},"157":{"start":{"line":158,"column":0},"end":{"line":158,"column":3}},"158":{"start":{"line":159,"column":0},"end":{"line":159,"column":0}},"159":{"start":{"line":160,"column":0},"end":{"line":160,"column":50}},"160":{"start":{"line":161,"column":0},"end":{"line":161,"column":65}},"161":{"start":{"line":162,"column":0},"end":{"line":162,"column":34}},"162":{"start":{"line":163,"column":0},"end":{"line":163,"column":19}},"163":{"start":{"line":164,"column":0},"end":{"line":164,"column":40}},"164":{"start":{"line":165,"column":0},"end":{"line":165,"column":10}},"165":{"start":{"line":166,"column":0},"end":{"line":166,"column":6}},"166":{"start":{"line":167,"column":0},"end":{"line":167,"column":42}},"167":{"start":{"line":168,"column":0},"end":{"line":168,"column":3}},"168":{"start":{"line":169,"column":0},"end":{"line":169,"column":0}},"169":{"start":{"line":170,"column":0},"end":{"line":170,"column":40}},"170":{"start":{"line":171,"column":0},"end":{"line":171,"column":18}},"171":{"start":{"line":172,"column":0},"end":{"line":172,"column":43}},"172":{"start":{"line":173,"column":0},"end":{"line":173,"column":44}},"173":{"start":{"line":174,"column":0},"end":{"line":174,"column":67}},"174":{"start":{"line":175,"column":0},"end":{"line":175,"column":18}},"175":{"start":{"line":176,"column":0},"end":{"line":176,"column":9}},"176":{"start":{"line":177,"column":0},"end":{"line":177,"column":7}},"177":{"start":{"line":178,"column":0},"end":{"line":178,"column":5}},"178":{"start":{"line":179,"column":0},"end":{"line":179,"column":17}},"179":{"start":{"line":180,"column":0},"end":{"line":180,"column":3}},"180":{"start":{"line":181,"column":0},"end":{"line":181,"column":0}},"181":{"start":{"line":182,"column":0},"end":{"line":182,"column":23}},"182":{"start":{"line":183,"column":0},"end":{"line":183,"column":54}},"183":{"start":{"line":184,"column":0},"end":{"line":184,"column":43}},"184":{"start":{"line":185,"column":0},"end":{"line":185,"column":44}},"185":{"start":{"line":186,"column":0},"end":{"line":186,"column":38}},"186":{"start":{"line":187,"column":0},"end":{"line":187,"column":28}},"187":{"start":{"line":188,"column":0},"end":{"line":188,"column":44}},"188":{"start":{"line":189,"column":0},"end":{"line":189,"column":9}},"189":{"start":{"line":190,"column":0},"end":{"line":190,"column":7}},"190":{"start":{"line":191,"column":0},"end":{"line":191,"column":5}},"191":{"start":{"line":192,"column":0},"end":{"line":192,"column":19}},"192":{"start":{"line":193,"column":0},"end":{"line":193,"column":3}},"193":{"start":{"line":194,"column":0},"end":{"line":194,"column":0}},"194":{"start":{"line":195,"column":0},"end":{"line":195,"column":36}},"195":{"start":{"line":196,"column":0},"end":{"line":196,"column":19}},"196":{"start":{"line":197,"column":0},"end":{"line":197,"column":39}},"197":{"start":{"line":198,"column":0},"end":{"line":198,"column":83}},"198":{"start":{"line":199,"column":0},"end":{"line":199,"column":5}},"199":{"start":{"line":200,"column":0},"end":{"line":200,"column":3}},"200":{"start":{"line":201,"column":0},"end":{"line":201,"column":0}},"201":{"start":{"line":202,"column":0},"end":{"line":202,"column":42}},"202":{"start":{"line":203,"column":0},"end":{"line":203,"column":32}},"203":{"start":{"line":204,"column":0},"end":{"line":204,"column":46}},"204":{"start":{"line":205,"column":0},"end":{"line":205,"column":6}},"205":{"start":{"line":206,"column":0},"end":{"line":206,"column":3}},"206":{"start":{"line":207,"column":0},"end":{"line":207,"column":0}},"207":{"start":{"line":208,"column":0},"end":{"line":208,"column":53}},"208":{"start":{"line":209,"column":0},"end":{"line":209,"column":63}},"209":{"start":{"line":210,"column":0},"end":{"line":210,"column":67}},"210":{"start":{"line":211,"column":0},"end":{"line":211,"column":38}},"211":{"start":{"line":212,"column":0},"end":{"line":212,"column":33}},"212":{"start":{"line":213,"column":0},"end":{"line":213,"column":30}},"213":{"start":{"line":214,"column":0},"end":{"line":214,"column":25}},"214":{"start":{"line":215,"column":0},"end":{"line":215,"column":29}},"215":{"start":{"line":216,"column":0},"end":{"line":216,"column":27}},"216":{"start":{"line":217,"column":0},"end":{"line":217,"column":12}},"217":{"start":{"line":218,"column":0},"end":{"line":218,"column":16}},"218":{"start":{"line":219,"column":0},"end":{"line":219,"column":34}},"219":{"start":{"line":220,"column":0},"end":{"line":220,"column":9}},"220":{"start":{"line":221,"column":0},"end":{"line":221,"column":7}},"221":{"start":{"line":222,"column":0},"end":{"line":222,"column":5}},"222":{"start":{"line":223,"column":0},"end":{"line":223,"column":3}},"223":{"start":{"line":224,"column":0},"end":{"line":224,"column":0}},"224":{"start":{"line":225,"column":0},"end":{"line":225,"column":46}},"225":{"start":{"line":226,"column":0},"end":{"line":226,"column":58}},"226":{"start":{"line":227,"column":0},"end":{"line":227,"column":3}},"227":{"start":{"line":228,"column":0},"end":{"line":228,"column":1}}},"s":{"0":1,"1":1,"2":1,"3":1,"4":1,"5":1,"6":1,"7":1,"8":1,"9":49,"10":49,"11":49,"12":49,"13":1,"14":1,"15":50,"16":50,"17":1000,"18":50,"19":50,"20":1,"21":1,"22":1,"23":1,"24":1,"25":1,"26":0,"27":0,"28":1,"29":1,"30":58,"31":58,"32":58,"33":58,"34":61,"35":94,"36":82,"37":82,"38":82,"39":78,"40":78,"41":78,"42":78,"43":78,"44":78,"45":82,"46":94,"47":61,"48":58,"49":1,"50":1,"51":550,"52":550,"53":1,"54":1,"55":29,"56":29,"57":29,"58":1,"59":1,"60":5,"61":5,"62":1,"63":1,"64":0,"65":0,"66":0,"67":0,"68":0,"69":1,"70":1,"71":40,"72":40,"73":40,"74":40,"75":0,"76":40,"77":1,"78":1,"79":244,"80":244,"81":244,"82":1,"83":1,"84":25,"85":25,"86":25,"87":5,"88":100,"89":4,"90":4,"91":100,"92":5,"93":25,"94":25,"95":23,"96":23,"97":23,"98":23,"99":23,"100":46,"101":23,"102":23,"103":23,"104":23,"105":25,"106":1,"107":680,"108":1156,"109":1156,"110":629,"111":629,"112":1156,"113":51,"114":680,"115":1,"116":1,"117":1,"118":206,"119":4,"120":4,"121":202,"122":206,"123":1,"124":55,"125":55,"126":55,"127":55,"128":75,"129":204,"130":204,"131":204,"132":204,"133":204,"134":204,"135":5,"136":5,"137":199,"138":199,"139":204,"140":2,"141":2,"142":204,"143":204,"144":68,"145":48,"146":48,"147":55,"148":1,"149":1,"150":3,"151":3,"152":3,"153":46,"154":46,"155":3,"156":3,"157":3,"158":1,"159":1,"160":0,"161":0,"162":0,"163":0,"164":0,"165":0,"166":0,"167":0,"168":1,"169":1,"170":0,"171":0,"172":0,"173":0,"174":0,"175":0,"176":0,"177":0,"178":0,"179":0,"180":1,"181":1,"182":0,"183":0,"184":0,"185":0,"186":0,"187":0,"188":0,"189":0,"190":0,"191":0,"192":0,"193":1,"194":1,"195":0,"196":0,"197":0,"198":0,"199":0,"200":1,"201":1,"202":50,"203":1000,"204":50,"205":50,"206":1,"207":1,"208":50,"209":1000,"210":10000,"211":10000,"212":907,"213":907,"214":907,"215":907,"216":907,"217":10000,"218":9093,"219":9093,"220":10000,"221":1000,"222":50,"223":1,"224":1,"225":0,"226":0,"227":1},"branchMap":{"0":{"type":"branch","line":9,"loc":{"start":{"line":9,"column":2},"end":{"line":13,"column":3}},"locations":[{"start":{"line":9,"column":2},"end":{"line":13,"column":3}}]},"1":{"type":"branch","line":15,"loc":{"start":{"line":15,"column":10},"end":{"line":20,"column":3}},"locations":[{"start":{"line":15,"column":10},"end":{"line":20,"column":3}}]},"2":{"type":"branch","line":17,"loc":{"start":{"line":17,"column":47},"end":{"line":18,"column":52}},"locations":[{"start":{"line":17,"column":47},"end":{"line":18,"column":52}}]},"3":{"type":"branch","line":18,"loc":{"start":{"line":18,"column":41},"end":{"line":18,"column":51}},"locations":[{"start":{"line":18,"column":41},"end":{"line":18,"column":51}}]},"4":{"type":"branch","line":22,"loc":{"start":{"line":22,"column":7},"end":{"line":24,"column":3}},"locations":[{"start":{"line":22,"column":7},"end":{"line":24,"column":3}}]},"5":{"type":"branch","line":30,"loc":{"start":{"line":30,"column":7},"end":{"line":49,"column":3}},"locations":[{"start":{"line":30,"column":7},"end":{"line":49,"column":3}}]},"6":{"type":"branch","line":34,"loc":{"start":{"line":34,"column":43},"end":{"line":48,"column":5}},"locations":[{"start":{"line":34,"column":43},"end":{"line":48,"column":5}}]},"7":{"type":"branch","line":35,"loc":{"start":{"line":35,"column":48},"end":{"line":47,"column":7}},"locations":[{"start":{"line":35,"column":48},"end":{"line":47,"column":7}}]},"8":{"type":"branch","line":36,"loc":{"start":{"line":36,"column":25},"end":{"line":46,"column":9}},"locations":[{"start":{"line":36,"column":25},"end":{"line":46,"column":9}}]},"9":{"type":"branch","line":39,"loc":{"start":{"line":39,"column":43},"end":{"line":39,"column":68}},"locations":[{"start":{"line":39,"column":43},"end":{"line":39,"column":68}}]},"10":{"type":"branch","line":39,"loc":{"start":{"line":39,"column":63},"end":{"line":39,"column":89}},"locations":[{"start":{"line":39,"column":63},"end":{"line":39,"column":89}}]},"11":{"type":"branch","line":39,"loc":{"start":{"line":39,"column":89},"end":{"line":45,"column":11}},"locations":[{"start":{"line":39,"column":89},"end":{"line":45,"column":11}}]},"12":{"type":"branch","line":51,"loc":{"start":{"line":51,"column":9},"end":{"line":53,"column":3}},"locations":[{"start":{"line":51,"column":9},"end":{"line":53,"column":3}}]},"13":{"type":"branch","line":55,"loc":{"start":{"line":55,"column":9},"end":{"line":58,"column":3}},"locations":[{"start":{"line":55,"column":9},"end":{"line":58,"column":3}}]},"14":{"type":"branch","line":60,"loc":{"start":{"line":60,"column":7},"end":{"line":62,"column":3}},"locations":[{"start":{"line":60,"column":7},"end":{"line":62,"column":3}}]},"15":{"type":"branch","line":61,"loc":{"start":{"line":61,"column":26},"end":{"line":61,"column":75}},"locations":[{"start":{"line":61,"column":26},"end":{"line":61,"column":75}}]},"16":{"type":"branch","line":61,"loc":{"start":{"line":61,"column":41},"end":{"line":61,"column":74}},"locations":[{"start":{"line":61,"column":41},"end":{"line":61,"column":74}}]},"17":{"type":"branch","line":61,"loc":{"start":{"line":61,"column":49},"end":{"line":61,"column":70}},"locations":[{"start":{"line":61,"column":49},"end":{"line":61,"column":70}}]},"18":{"type":"branch","line":71,"loc":{"start":{"line":71,"column":9},"end":{"line":77,"column":3}},"locations":[{"start":{"line":71,"column":9},"end":{"line":77,"column":3}}]},"19":{"type":"branch","line":75,"loc":{"start":{"line":75,"column":4},"end":{"line":76,"column":16}},"locations":[{"start":{"line":75,"column":4},"end":{"line":76,"column":16}}]},"20":{"type":"branch","line":79,"loc":{"start":{"line":79,"column":7},"end":{"line":82,"column":3}},"locations":[{"start":{"line":79,"column":7},"end":{"line":82,"column":3}}]},"21":{"type":"branch","line":81,"loc":{"start":{"line":81,"column":16},"end":{"line":81,"column":39}},"locations":[{"start":{"line":81,"column":16},"end":{"line":81,"column":39}}]},"22":{"type":"branch","line":81,"loc":{"start":{"line":81,"column":30},"end":{"line":81,"column":50}},"locations":[{"start":{"line":81,"column":30},"end":{"line":81,"column":50}}]},"23":{"type":"branch","line":81,"loc":{"start":{"line":81,"column":44},"end":{"line":81,"column":66}},"locations":[{"start":{"line":81,"column":44},"end":{"line":81,"column":66}}]},"24":{"type":"branch","line":84,"loc":{"start":{"line":84,"column":7},"end":{"line":106,"column":3}},"locations":[{"start":{"line":84,"column":7},"end":{"line":106,"column":3}}]},"25":{"type":"branch","line":86,"loc":{"start":{"line":86,"column":25},"end":{"line":86,"column":36}},"locations":[{"start":{"line":86,"column":25},"end":{"line":86,"column":36}}]},"26":{"type":"branch","line":87,"loc":{"start":{"line":87,"column":35},"end":{"line":93,"column":5}},"locations":[{"start":{"line":87,"column":35},"end":{"line":93,"column":5}}]},"27":{"type":"branch","line":88,"loc":{"start":{"line":88,"column":44},"end":{"line":92,"column":7}},"locations":[{"start":{"line":88,"column":44},"end":{"line":92,"column":7}}]},"28":{"type":"branch","line":89,"loc":{"start":{"line":89,"column":36},"end":{"line":91,"column":9}},"locations":[{"start":{"line":89,"column":36},"end":{"line":91,"column":9}}]},"29":{"type":"branch","line":95,"loc":{"start":{"line":95,"column":35},"end":{"line":95,"column":44}},"locations":[{"start":{"line":95,"column":35},"end":{"line":95,"column":44}}]},"30":{"type":"branch","line":95,"loc":{"start":{"line":95,"column":42},"end":{"line":105,"column":31}},"locations":[{"start":{"line":95,"column":42},"end":{"line":105,"column":31}}]},"31":{"type":"branch","line":99,"loc":{"start":{"line":99,"column":40},"end":{"line":99,"column":70}},"locations":[{"start":{"line":99,"column":40},"end":{"line":99,"column":70}}]},"32":{"type":"branch","line":100,"loc":{"start":{"line":100,"column":66},"end":{"line":101,"column":52}},"locations":[{"start":{"line":100,"column":66},"end":{"line":101,"column":52}}]},"33":{"type":"branch","line":101,"loc":{"start":{"line":101,"column":41},"end":{"line":101,"column":51}},"locations":[{"start":{"line":101,"column":41},"end":{"line":101,"column":51}}]},"34":{"type":"branch","line":107,"loc":{"start":{"line":107,"column":9},"end":{"line":115,"column":3}},"locations":[{"start":{"line":107,"column":9},"end":{"line":115,"column":3}}]},"35":{"type":"branch","line":108,"loc":{"start":{"line":108,"column":41},"end":{"line":113,"column":5}},"locations":[{"start":{"line":108,"column":41},"end":{"line":113,"column":5}}]},"36":{"type":"branch","line":110,"loc":{"start":{"line":110,"column":19},"end":{"line":110,"column":41}},"locations":[{"start":{"line":110,"column":19},"end":{"line":110,"column":41}}]},"37":{"type":"branch","line":110,"loc":{"start":{"line":110,"column":41},"end":{"line":112,"column":7}},"locations":[{"start":{"line":110,"column":41},"end":{"line":112,"column":7}}]},"38":{"type":"branch","line":113,"loc":{"start":{"line":113,"column":4},"end":{"line":114,"column":16}},"locations":[{"start":{"line":113,"column":4},"end":{"line":114,"column":16}}]},"39":{"type":"branch","line":118,"loc":{"start":{"line":118,"column":9},"end":{"line":123,"column":3}},"locations":[{"start":{"line":118,"column":9},"end":{"line":123,"column":3}}]},"40":{"type":"branch","line":119,"loc":{"start":{"line":119,"column":12},"end":{"line":119,"column":37}},"locations":[{"start":{"line":119,"column":12},"end":{"line":119,"column":37}}]},"41":{"type":"branch","line":119,"loc":{"start":{"line":119,"column":27},"end":{"line":119,"column":46}},"locations":[{"start":{"line":119,"column":27},"end":{"line":119,"column":46}}]},"42":{"type":"branch","line":119,"loc":{"start":{"line":119,"column":41},"end":{"line":119,"column":63}},"locations":[{"start":{"line":119,"column":41},"end":{"line":119,"column":63}}]},"43":{"type":"branch","line":119,"loc":{"start":{"line":119,"column":63},"end":{"line":121,"column":5}},"locations":[{"start":{"line":119,"column":63},"end":{"line":121,"column":5}}]},"44":{"type":"branch","line":121,"loc":{"start":{"line":121,"column":4},"end":{"line":122,"column":37}},"locations":[{"start":{"line":121,"column":4},"end":{"line":122,"column":37}}]},"45":{"type":"branch","line":124,"loc":{"start":{"line":124,"column":7},"end":{"line":148,"column":3}},"locations":[{"start":{"line":124,"column":7},"end":{"line":148,"column":3}}]},"46":{"type":"branch","line":128,"loc":{"start":{"line":128,"column":43},"end":{"line":145,"column":5}},"locations":[{"start":{"line":128,"column":43},"end":{"line":145,"column":5}}]},"47":{"type":"branch","line":129,"loc":{"start":{"line":129,"column":48},"end":{"line":144,"column":7}},"locations":[{"start":{"line":129,"column":48},"end":{"line":144,"column":7}}]},"48":{"type":"branch","line":135,"loc":{"start":{"line":135,"column":53},"end":{"line":137,"column":11}},"locations":[{"start":{"line":135,"column":53},"end":{"line":137,"column":11}}]},"49":{"type":"branch","line":137,"loc":{"start":{"line":137,"column":10},"end":{"line":140,"column":45}},"locations":[{"start":{"line":137,"column":10},"end":{"line":140,"column":45}}]},"50":{"type":"branch","line":140,"loc":{"start":{"line":140,"column":45},"end":{"line":142,"column":11}},"locations":[{"start":{"line":140,"column":45},"end":{"line":142,"column":11}}]},"51":{"type":"branch","line":144,"loc":{"start":{"line":144,"column":6},"end":{"line":145,"column":5}},"locations":[{"start":{"line":144,"column":6},"end":{"line":145,"column":5}}]},"52":{"type":"branch","line":145,"loc":{"start":{"line":145,"column":4},"end":{"line":147,"column":17}},"locations":[{"start":{"line":145,"column":4},"end":{"line":147,"column":17}}]},"53":{"type":"branch","line":150,"loc":{"start":{"line":150,"column":9},"end":{"line":158,"column":3}},"locations":[{"start":{"line":150,"column":9},"end":{"line":158,"column":3}}]},"54":{"type":"branch","line":153,"loc":{"start":{"line":153,"column":73},"end":{"line":155,"column":5}},"locations":[{"start":{"line":153,"column":73},"end":{"line":155,"column":5}}]},"55":{"type":"branch","line":202,"loc":{"start":{"line":202,"column":9},"end":{"line":206,"column":3}},"locations":[{"start":{"line":202,"column":9},"end":{"line":206,"column":3}}]},"56":{"type":"branch","line":203,"loc":{"start":{"line":203,"column":26},"end":{"line":204,"column":46}},"locations":[{"start":{"line":203,"column":26},"end":{"line":204,"column":46}}]},"57":{"type":"branch","line":204,"loc":{"start":{"line":204,"column":14},"end":{"line":204,"column":45}},"locations":[{"start":{"line":204,"column":14},"end":{"line":204,"column":45}}]},"58":{"type":"branch","line":204,"loc":{"start":{"line":204,"column":22},"end":{"line":204,"column":41}},"locations":[{"start":{"line":204,"column":22},"end":{"line":204,"column":41}}]},"59":{"type":"branch","line":204,"loc":{"start":{"line":204,"column":34},"end":{"line":204,"column":45}},"locations":[{"start":{"line":204,"column":34},"end":{"line":204,"column":45}}]},"60":{"type":"branch","line":208,"loc":{"start":{"line":208,"column":9},"end":{"line":223,"column":3}},"locations":[{"start":{"line":208,"column":9},"end":{"line":223,"column":3}}]},"61":{"type":"branch","line":209,"loc":{"start":{"line":209,"column":29},"end":{"line":209,"column":57}},"locations":[{"start":{"line":209,"column":29},"end":{"line":209,"column":57}}]},"62":{"type":"branch","line":209,"loc":{"start":{"line":209,"column":62},"end":{"line":222,"column":5}},"locations":[{"start":{"line":209,"column":62},"end":{"line":222,"column":5}}]},"63":{"type":"branch","line":210,"loc":{"start":{"line":210,"column":31},"end":{"line":210,"column":61}},"locations":[{"start":{"line":210,"column":31},"end":{"line":210,"column":61}}]},"64":{"type":"branch","line":210,"loc":{"start":{"line":210,"column":66},"end":{"line":221,"column":7}},"locations":[{"start":{"line":210,"column":66},"end":{"line":221,"column":7}}]},"65":{"type":"branch","line":212,"loc":{"start":{"line":212,"column":32},"end":{"line":218,"column":15}},"locations":[{"start":{"line":212,"column":32},"end":{"line":218,"column":15}}]},"66":{"type":"branch","line":218,"loc":{"start":{"line":218,"column":8},"end":{"line":220,"column":9}},"locations":[{"start":{"line":218,"column":8},"end":{"line":220,"column":9}}]}},"b":{"0":[49],"1":[50],"2":[1000],"3":[10000],"4":[1],"5":[58],"6":[61],"7":[94],"8":[82],"9":[78],"10":[78],"11":[78],"12":[550],"13":[29],"14":[5],"15":[100],"16":[1000],"17":[0],"18":[40],"19":[0],"20":[244],"21":[243],"22":[242],"23":[242],"24":[25],"25":[4],"26":[5],"27":[100],"28":[4],"29":[2],"30":[23],"31":[460],"32":[46],"33":[460],"34":[680],"35":[1156],"36":[527],"37":[629],"38":[51],"39":[206],"40":[205],"41":[204],"42":[203],"43":[4],"44":[202],"45":[55],"46":[75],"47":[204],"48":[5],"49":[199],"50":[2],"51":[68],"52":[48],"53":[3],"54":[46],"55":[50],"56":[1000],"57":[10000],"58":[410],"59":[9590],"60":[50],"61":[1000],"62":[1000],"63":[10000],"64":[10000],"65":[907],"66":[9093]},"fnMap":{"0":{"name":"Grid","decl":{"start":{"line":9,"column":2},"end":{"line":13,"column":3}},"loc":{"start":{"line":9,"column":2},"end":{"line":13,"column":3}},"line":9},"1":{"name":"createEmptyGrid","decl":{"start":{"line":15,"column":10},"end":{"line":20,"column":3}},"loc":{"start":{"line":15,"column":10},"end":{"line":20,"column":3}},"line":15},"2":{"name":"reset","decl":{"start":{"line":22,"column":7},"end":{"line":24,"column":3}},"loc":{"start":{"line":22,"column":7},"end":{"line":24,"column":3}},"line":22},"3":{"name":"clear","decl":{"start":{"line":26,"column":9},"end":{"line":28,"column":3}},"loc":{"start":{"line":26,"column":9},"end":{"line":28,"column":3}},"line":26},"4":{"name":"lockPiece","decl":{"start":{"line":30,"column":7},"end":{"line":49,"column":3}},"loc":{"start":{"line":30,"column":7},"end":{"line":49,"column":3}},"line":30},"5":{"name":"getWidth","decl":{"start":{"line":51,"column":9},"end":{"line":53,"column":3}},"loc":{"start":{"line":51,"column":9},"end":{"line":53,"column":3}},"line":51},"6":{"name":"getHeight","decl":{"start":{"line":55,"column":9},"end":{"line":58,"column":3}},"loc":{"start":{"line":55,"column":9},"end":{"line":58,"column":3}},"line":55},"7":{"name":"getCells","decl":{"start":{"line":60,"column":7},"end":{"line":62,"column":3}},"loc":{"start":{"line":60,"column":7},"end":{"line":62,"column":3}},"line":60},"8":{"name":"getGrid","decl":{"start":{"line":64,"column":9},"end":{"line":69,"column":3}},"loc":{"start":{"line":64,"column":9},"end":{"line":69,"column":3}},"line":64},"9":{"name":"getCell","decl":{"start":{"line":71,"column":9},"end":{"line":77,"column":3}},"loc":{"start":{"line":71,"column":9},"end":{"line":77,"column":3}},"line":71},"10":{"name":"isValidPosition","decl":{"start":{"line":79,"column":7},"end":{"line":82,"column":3}},"loc":{"start":{"line":79,"column":7},"end":{"line":82,"column":3}},"line":79},"11":{"name":"clearLines","decl":{"start":{"line":84,"column":7},"end":{"line":106,"column":3}},"loc":{"start":{"line":84,"column":7},"end":{"line":106,"column":3}},"line":84},"12":{"name":"isLineComplete","decl":{"start":{"line":107,"column":9},"end":{"line":115,"column":3}},"loc":{"start":{"line":107,"column":9},"end":{"line":115,"column":3}},"line":107},"13":{"name":"isEmpty","decl":{"start":{"line":118,"column":9},"end":{"line":123,"column":3}},"loc":{"start":{"line":118,"column":9},"end":{"line":123,"column":3}},"line":118},"14":{"name":"checkCollision","decl":{"start":{"line":124,"column":7},"end":{"line":148,"column":3}},"loc":{"start":{"line":124,"column":7},"end":{"line":148,"column":3}},"line":124},"15":{"name":"getGhostY","decl":{"start":{"line":150,"column":9},"end":{"line":158,"column":3}},"loc":{"start":{"line":150,"column":9},"end":{"line":158,"column":3}},"line":150},"16":{"name":"isGameOver","decl":{"start":{"line":160,"column":7},"end":{"line":168,"column":3}},"loc":{"start":{"line":160,"column":7},"end":{"line":168,"column":3}},"line":160},"17":{"name":"getFilledCellsCount","decl":{"start":{"line":170,"column":9},"end":{"line":180,"column":3}},"loc":{"start":{"line":170,"column":9},"end":{"line":180,"column":3}},"line":170},"18":{"name":"copy","decl":{"start":{"line":182,"column":9},"end":{"line":193,"column":3}},"loc":{"start":{"line":182,"column":9},"end":{"line":193,"column":3}},"line":182},"19":{"name":"clearRow","decl":{"start":{"line":195,"column":9},"end":{"line":200,"column":3}},"loc":{"start":{"line":195,"column":9},"end":{"line":200,"column":3}},"line":195},"20":{"name":"getBoard","decl":{"start":{"line":202,"column":9},"end":{"line":206,"column":3}},"loc":{"start":{"line":202,"column":9},"end":{"line":206,"column":3}},"line":202},"21":{"name":"setBoard","decl":{"start":{"line":208,"column":9},"end":{"line":223,"column":3}},"loc":{"start":{"line":208,"column":9},"end":{"line":223,"column":3}},"line":208},"22":{"name":"createEmptyRow","decl":{"start":{"line":225,"column":9},"end":{"line":227,"column":3}},"loc":{"start":{"line":225,"column":9},"end":{"line":227,"column":3}},"line":225}},"f":{"0":49,"1":50,"2":1,"3":0,"4":58,"5":550,"6":29,"7":5,"8":0,"9":40,"10":244,"11":25,"12":680,"13":206,"14":55,"15":3,"16":0,"17":0,"18":0,"19":0,"20":50,"21":50,"22":0}}
,"/Users/a58/TestNewma/src/game/core/Level.ts": {"path":"/Users/a58/TestNewma/src/game/core/Level.ts","all":false,"statementMap":{"0":{"start":{"line":1,"column":0},"end":{"line":1,"column":20}},"1":{"start":{"line":2,"column":0},"end":{"line":2,"column":33}},"2":{"start":{"line":3,"column":0},"end":{"line":3,"column":33}},"3":{"start":{"line":4,"column":0},"end":{"line":4,"column":30}},"4":{"start":{"line":5,"column":0},"end":{"line":5,"column":41}},"5":{"start":{"line":6,"column":0},"end":{"line":6,"column":0}},"6":{"start":{"line":7,"column":0},"end":{"line":7,"column":19}},"7":{"start":{"line":8,"column":0},"end":{"line":8,"column":30}},"8":{"start":{"line":9,"column":0},"end":{"line":9,"column":30}},"9":{"start":{"line":10,"column":0},"end":{"line":10,"column":52}},"10":{"start":{"line":11,"column":0},"end":{"line":11,"column":40}},"11":{"start":{"line":12,"column":0},"end":{"line":12,"column":5}},"12":{"start":{"line":13,"column":0},"end":{"line":13,"column":0}},"13":{"start":{"line":14,"column":0},"end":{"line":14,"column":31}},"14":{"start":{"line":15,"column":0},"end":{"line":15,"column":33}},"15":{"start":{"line":16,"column":0},"end":{"line":16,"column":5}},"16":{"start":{"line":17,"column":0},"end":{"line":17,"column":0}},"17":{"start":{"line":18,"column":0},"end":{"line":18,"column":49}},"18":{"start":{"line":19,"column":0},"end":{"line":19,"column":34}},"19":{"start":{"line":20,"column":0},"end":{"line":20,"column":78}},"20":{"start":{"line":21,"column":0},"end":{"line":21,"column":9}},"21":{"start":{"line":22,"column":0},"end":{"line":22,"column":58}},"22":{"start":{"line":23,"column":0},"end":{"line":23,"column":5}},"23":{"start":{"line":24,"column":0},"end":{"line":24,"column":0}},"24":{"start":{"line":25,"column":0},"end":{"line":25,"column":38}},"25":{"start":{"line":26,"column":0},"end":{"line":26,"column":33}},"26":{"start":{"line":27,"column":0},"end":{"line":27,"column":5}},"27":{"start":{"line":28,"column":0},"end":{"line":28,"column":0}},"28":{"start":{"line":29,"column":0},"end":{"line":29,"column":46}},"29":{"start":{"line":30,"column":0},"end":{"line":30,"column":41}},"30":{"start":{"line":31,"column":0},"end":{"line":31,"column":5}},"31":{"start":{"line":32,"column":0},"end":{"line":32,"column":0}},"32":{"start":{"line":33,"column":0},"end":{"line":33,"column":72}},"33":{"start":{"line":34,"column":0},"end":{"line":34,"column":29}},"34":{"start":{"line":35,"column":0},"end":{"line":35,"column":24}},"35":{"start":{"line":36,"column":0},"end":{"line":36,"column":48}},"36":{"start":{"line":37,"column":0},"end":{"line":37,"column":22}},"37":{"start":{"line":38,"column":0},"end":{"line":38,"column":26}},"38":{"start":{"line":39,"column":0},"end":{"line":39,"column":48}},"39":{"start":{"line":40,"column":0},"end":{"line":40,"column":22}},"40":{"start":{"line":41,"column":0},"end":{"line":41,"column":24}},"41":{"start":{"line":42,"column":0},"end":{"line":42,"column":48}},"42":{"start":{"line":43,"column":0},"end":{"line":43,"column":22}},"43":{"start":{"line":44,"column":0},"end":{"line":44,"column":20}},"44":{"start":{"line":45,"column":0},"end":{"line":45,"column":48}},"45":{"start":{"line":46,"column":0},"end":{"line":46,"column":9}},"46":{"start":{"line":47,"column":0},"end":{"line":47,"column":5}},"47":{"start":{"line":48,"column":0},"end":{"line":48,"column":0}},"48":{"start":{"line":49,"column":0},"end":{"line":49,"column":57}},"49":{"start":{"line":50,"column":0},"end":{"line":50,"column":47}},"50":{"start":{"line":51,"column":0},"end":{"line":51,"column":68}},"51":{"start":{"line":52,"column":0},"end":{"line":52,"column":5}},"52":{"start":{"line":53,"column":0},"end":{"line":53,"column":0}},"53":{"start":{"line":54,"column":0},"end":{"line":54,"column":0}},"54":{"start":{"line":55,"column":0},"end":{"line":55,"column":43}},"55":{"start":{"line":56,"column":0},"end":{"line":56,"column":38}},"56":{"start":{"line":57,"column":0},"end":{"line":57,"column":5}},"57":{"start":{"line":58,"column":0},"end":{"line":58,"column":0}},"58":{"start":{"line":59,"column":0},"end":{"line":59,"column":49}},"59":{"start":{"line":60,"column":0},"end":{"line":60,"column":35}},"60":{"start":{"line":61,"column":0},"end":{"line":61,"column":0}},"61":{"start":{"line":62,"column":0},"end":{"line":62,"column":68}},"62":{"start":{"line":63,"column":0},"end":{"line":63,"column":63}},"63":{"start":{"line":64,"column":0},"end":{"line":64,"column":61}},"64":{"start":{"line":65,"column":0},"end":{"line":65,"column":27}},"65":{"start":{"line":66,"column":0},"end":{"line":66,"column":9}},"66":{"start":{"line":67,"column":0},"end":{"line":67,"column":5}},"67":{"start":{"line":68,"column":0},"end":{"line":68,"column":0}},"68":{"start":{"line":69,"column":0},"end":{"line":69,"column":29}},"69":{"start":{"line":70,"column":0},"end":{"line":70,"column":28}},"70":{"start":{"line":71,"column":0},"end":{"line":71,"column":68}},"71":{"start":{"line":72,"column":0},"end":{"line":72,"column":5}},"72":{"start":{"line":73,"column":0},"end":{"line":73,"column":0}},"73":{"start":{"line":74,"column":0},"end":{"line":74,"column":55}},"74":{"start":{"line":75,"column":0},"end":{"line":75,"column":57}},"75":{"start":{"line":76,"column":0},"end":{"line":76,"column":66}},"76":{"start":{"line":77,"column":0},"end":{"line":77,"column":69}},"77":{"start":{"line":78,"column":0},"end":{"line":78,"column":21}},"78":{"start":{"line":79,"column":0},"end":{"line":79,"column":5}},"79":{"start":{"line":80,"column":0},"end":{"line":80,"column":0}},"80":{"start":{"line":81,"column":0},"end":{"line":81,"column":26}},"81":{"start":{"line":82,"column":0},"end":{"line":82,"column":30}},"82":{"start":{"line":83,"column":0},"end":{"line":83,"column":30}},"83":{"start":{"line":84,"column":0},"end":{"line":84,"column":52}},"84":{"start":{"line":85,"column":0},"end":{"line":85,"column":40}},"85":{"start":{"line":86,"column":0},"end":{"line":86,"column":5}},"86":{"start":{"line":87,"column":0},"end":{"line":87,"column":1}}},"s":{"0":1,"1":1,"2":1,"3":1,"4":1,"5":1,"6":1,"7":15,"8":15,"9":15,"10":15,"11":15,"12":1,"13":1,"14":7,"15":7,"16":1,"17":1,"18":3,"19":0,"20":0,"21":3,"22":3,"23":1,"24":1,"25":4,"26":4,"27":1,"28":1,"29":4,"30":4,"31":1,"32":1,"33":3,"34":3,"35":1,"36":1,"37":3,"38":1,"39":1,"40":3,"41":1,"42":1,"43":3,"44":0,"45":3,"46":3,"47":1,"48":1,"49":0,"50":0,"51":0,"52":1,"53":1,"54":1,"55":3,"56":3,"57":1,"58":1,"59":12,"60":12,"61":12,"62":12,"63":12,"64":113,"65":113,"66":12,"67":1,"68":1,"69":113,"70":113,"71":113,"72":1,"73":1,"74":129,"75":129,"76":129,"77":129,"78":129,"79":1,"80":1,"81":1,"82":1,"83":1,"84":1,"85":1,"86":1},"branchMap":{"0":{"type":"branch","line":7,"loc":{"start":{"line":7,"column":4},"end":{"line":12,"column":5}},"locations":[{"start":{"line":7,"column":4},"end":{"line":12,"column":5}}]},"1":{"type":"branch","line":14,"loc":{"start":{"line":14,"column":11},"end":{"line":16,"column":5}},"locations":[{"start":{"line":14,"column":11},"end":{"line":16,"column":5}}]},"2":{"type":"branch","line":18,"loc":{"start":{"line":18,"column":11},"end":{"line":23,"column":5}},"locations":[{"start":{"line":18,"column":11},"end":{"line":23,"column":5}}]},"3":{"type":"branch","line":19,"loc":{"start":{"line":19,"column":33},"end":{"line":21,"column":9}},"locations":[{"start":{"line":19,"column":33},"end":{"line":21,"column":9}}]},"4":{"type":"branch","line":25,"loc":{"start":{"line":25,"column":11},"end":{"line":27,"column":5}},"locations":[{"start":{"line":25,"column":11},"end":{"line":27,"column":5}}]},"5":{"type":"branch","line":29,"loc":{"start":{"line":29,"column":11},"end":{"line":31,"column":5}},"locations":[{"start":{"line":29,"column":11},"end":{"line":31,"column":5}}]},"6":{"type":"branch","line":33,"loc":{"start":{"line":33,"column":11},"end":{"line":47,"column":5}},"locations":[{"start":{"line":33,"column":11},"end":{"line":47,"column":5}}]},"7":{"type":"branch","line":35,"loc":{"start":{"line":35,"column":12},"end":{"line":37,"column":22}},"locations":[{"start":{"line":35,"column":12},"end":{"line":37,"column":22}}]},"8":{"type":"branch","line":38,"loc":{"start":{"line":38,"column":12},"end":{"line":40,"column":22}},"locations":[{"start":{"line":38,"column":12},"end":{"line":40,"column":22}}]},"9":{"type":"branch","line":41,"loc":{"start":{"line":41,"column":12},"end":{"line":43,"column":22}},"locations":[{"start":{"line":41,"column":12},"end":{"line":43,"column":22}}]},"10":{"type":"branch","line":44,"loc":{"start":{"line":44,"column":12},"end":{"line":45,"column":48}},"locations":[{"start":{"line":44,"column":12},"end":{"line":45,"column":48}}]},"11":{"type":"branch","line":55,"loc":{"start":{"line":55,"column":11},"end":{"line":57,"column":5}},"locations":[{"start":{"line":55,"column":11},"end":{"line":57,"column":5}}]},"12":{"type":"branch","line":59,"loc":{"start":{"line":59,"column":11},"end":{"line":67,"column":5}},"locations":[{"start":{"line":59,"column":11},"end":{"line":67,"column":5}}]},"13":{"type":"branch","line":64,"loc":{"start":{"line":64,"column":60},"end":{"line":66,"column":9}},"locations":[{"start":{"line":64,"column":60},"end":{"line":66,"column":9}}]},"14":{"type":"branch","line":69,"loc":{"start":{"line":69,"column":12},"end":{"line":72,"column":5}},"locations":[{"start":{"line":69,"column":12},"end":{"line":72,"column":5}}]},"15":{"type":"branch","line":74,"loc":{"start":{"line":74,"column":12},"end":{"line":79,"column":5}},"locations":[{"start":{"line":74,"column":12},"end":{"line":79,"column":5}}]},"16":{"type":"branch","line":81,"loc":{"start":{"line":81,"column":11},"end":{"line":86,"column":5}},"locations":[{"start":{"line":81,"column":11},"end":{"line":86,"column":5}}]}},"b":{"0":[15],"1":[7],"2":[3],"3":[0],"4":[4],"5":[4],"6":[3],"7":[1],"8":[1],"9":[1],"10":[0],"11":[3],"12":[12],"13":[113],"14":[113],"15":[129],"16":[1]},"fnMap":{"0":{"name":"Level","decl":{"start":{"line":7,"column":4},"end":{"line":12,"column":5}},"loc":{"start":{"line":7,"column":4},"end":{"line":12,"column":5}},"line":7},"1":{"name":"getLevel","decl":{"start":{"line":14,"column":11},"end":{"line":16,"column":5}},"loc":{"start":{"line":14,"column":11},"end":{"line":16,"column":5}},"line":14},"2":{"name":"getDropSpeed","decl":{"start":{"line":18,"column":11},"end":{"line":23,"column":5}},"loc":{"start":{"line":18,"column":11},"end":{"line":23,"column":5}},"line":18},"3":{"name":"getLinesCleared","decl":{"start":{"line":25,"column":11},"end":{"line":27,"column":5}},"loc":{"start":{"line":25,"column":11},"end":{"line":27,"column":5}},"line":25},"4":{"name":"getDifficultyMultiplier","decl":{"start":{"line":29,"column":11},"end":{"line":31,"column":5}},"loc":{"start":{"line":29,"column":11},"end":{"line":31,"column":5}},"line":29},"5":{"name":"setDifficulty","decl":{"start":{"line":33,"column":11},"end":{"line":47,"column":5}},"loc":{"start":{"line":33,"column":11},"end":{"line":47,"column":5}},"line":33},"6":{"name":"setSpeedMultiplier","decl":{"start":{"line":49,"column":11},"end":{"line":52,"column":5}},"loc":{"start":{"line":49,"column":11},"end":{"line":52,"column":5}},"line":49},"7":{"name":"getLinesForNextLevel","decl":{"start":{"line":55,"column":11},"end":{"line":57,"column":5}},"loc":{"start":{"line":55,"column":11},"end":{"line":57,"column":5}},"line":55},"8":{"name":"addLinesCleared","decl":{"start":{"line":59,"column":11},"end":{"line":67,"column":5}},"loc":{"start":{"line":59,"column":11},"end":{"line":67,"column":5}},"line":59},"9":{"name":"levelUp","decl":{"start":{"line":69,"column":12},"end":{"line":72,"column":5}},"loc":{"start":{"line":69,"column":12},"end":{"line":72,"column":5}},"line":69},"10":{"name":"calculateDropSpeed","decl":{"start":{"line":74,"column":12},"end":{"line":79,"column":5}},"loc":{"start":{"line":74,"column":12},"end":{"line":79,"column":5}},"line":74},"11":{"name":"reset","decl":{"start":{"line":81,"column":11},"end":{"line":86,"column":5}},"loc":{"start":{"line":81,"column":11},"end":{"line":86,"column":5}},"line":81}},"f":{"0":15,"1":7,"2":3,"3":4,"4":4,"5":3,"6":0,"7":3,"8":12,"9":113,"10":129,"11":1}}
,"/Users/a58/TestNewma/src/game/core/LineClear.ts": {"path":"/Users/a58/TestNewma/src/game/core/LineClear.ts","all":false,"statementMap":{"0":{"start":{"line":1,"column":0},"end":{"line":1,"column":17}},"1":{"start":{"line":2,"column":0},"end":{"line":2,"column":30}},"2":{"start":{"line":3,"column":0},"end":{"line":3,"column":32}},"3":{"start":{"line":4,"column":0},"end":{"line":4,"column":44}},"4":{"start":{"line":5,"column":0},"end":{"line":5,"column":0}},"5":{"start":{"line":6,"column":0},"end":{"line":6,"column":26}},"6":{"start":{"line":7,"column":0},"end":{"line":7,"column":10}},"7":{"start":{"line":8,"column":0},"end":{"line":8,"column":3}},"8":{"start":{"line":9,"column":0},"end":{"line":9,"column":32}},"9":{"start":{"line":10,"column":0},"end":{"line":10,"column":19}},"10":{"start":{"line":11,"column":0},"end":{"line":11,"column":19}},"11":{"start":{"line":12,"column":0},"end":{"line":12,"column":19}},"12":{"start":{"line":13,"column":0},"end":{"line":13,"column":18}},"13":{"start":{"line":14,"column":0},"end":{"line":14,"column":1}},"14":{"start":{"line":15,"column":0},"end":{"line":15,"column":0}},"15":{"start":{"line":16,"column":0},"end":{"line":16,"column":9}},"16":{"start":{"line":17,"column":0},"end":{"line":17,"column":3}},"17":{"start":{"line":18,"column":0},"end":{"line":18,"column":12}},"18":{"start":{"line":19,"column":0},"end":{"line":19,"column":30}},"19":{"start":{"line":20,"column":0},"end":{"line":20,"column":23}},"20":{"start":{"line":21,"column":0},"end":{"line":21,"column":16}},"21":{"start":{"line":22,"column":0},"end":{"line":22,"column":19}},"22":{"start":{"line":23,"column":0},"end":{"line":23,"column":18}},"23":{"start":{"line":24,"column":0},"end":{"line":24,"column":16}},"24":{"start":{"line":25,"column":0},"end":{"line":25,"column":22}},"25":{"start":{"line":26,"column":0},"end":{"line":26,"column":24}},"26":{"start":{"line":27,"column":0},"end":{"line":27,"column":1}},"27":{"start":{"line":28,"column":0},"end":{"line":28,"column":0}},"28":{"start":{"line":29,"column":0},"end":{"line":29,"column":14}},"29":{"start":{"line":30,"column":0},"end":{"line":30,"column":11}},"30":{"start":{"line":31,"column":0},"end":{"line":31,"column":3}},"31":{"start":{"line":32,"column":0},"end":{"line":32,"column":30}},"32":{"start":{"line":33,"column":0},"end":{"line":33,"column":61}},"33":{"start":{"line":34,"column":0},"end":{"line":34,"column":17}},"34":{"start":{"line":35,"column":0},"end":{"line":35,"column":20}},"35":{"start":{"line":36,"column":0},"end":{"line":36,"column":19}},"36":{"start":{"line":37,"column":0},"end":{"line":37,"column":25}},"37":{"start":{"line":38,"column":0},"end":{"line":38,"column":17}},"38":{"start":{"line":39,"column":0},"end":{"line":39,"column":1}},"39":{"start":{"line":40,"column":0},"end":{"line":40,"column":0}},"40":{"start":{"line":41,"column":0},"end":{"line":41,"column":14}},"41":{"start":{"line":42,"column":0},"end":{"line":42,"column":24}},"42":{"start":{"line":43,"column":0},"end":{"line":43,"column":3}},"43":{"start":{"line":44,"column":0},"end":{"line":44,"column":24}},"44":{"start":{"line":45,"column":0},"end":{"line":45,"column":21}},"45":{"start":{"line":46,"column":0},"end":{"line":46,"column":28}},"46":{"start":{"line":47,"column":0},"end":{"line":47,"column":38
[...]
column":0},"end":{"line":159,"column":31}},"159":{"start":{"line":160,"column":0},"end":{"line":160,"column":18}},"160":{"start":{"line":161,"column":0},"end":{"line":161,"column":3}},"161":{"start":{"line":162,"column":0},"end":{"line":162,"column":2}},"162":{"start":{"line":163,"column":0},"end":{"line":163,"column":58}},"163":{"start":{"line":164,"column":0},"end":{"line":164,"column":20}},"164":{"start":{"line":165,"column":0},"end":{"line":165,"column":13}},"165":{"start":{"line":166,"column":0},"end":{"line":166,"column":34}},"166":{"start":{"line":167,"column":0},"end":{"line":167,"column":13}},"167":{"start":{"line":168,"column":0},"end":{"line":168,"column":34}},"168":{"start":{"line":169,"column":0},"end":{"line":169,"column":13}},"169":{"start":{"line":170,"column":0},"end":{"line":170,"column":34}},"170":{"start":{"line":171,"column":0},"end":{"line":171,"column":13}},"171":{"start":{"line":172,"column":0},"end":{"line":172,"column":34}},"172":{"start":{"line":173,"column":0},"end":{"line":173,"column":14}},"173":{"start":{"line":174,"column":0},"end":{"line":174,"column":17}},"174":{"start":{"line":175,"column":0},"end":{"line":175,"column":5}},"175":{"start":{"line":176,"column":0},"end":{"line":176,"column":3}},"176":{"start":{"line":177,"column":0},"end":{"line":177,"column":2}},"177":{"start":{"line":178,"column":0},"end":{"line":178,"column":79}},"178":{"start":{"line":179,"column":0},"end":{"line":179,"column":17}},"179":{"start":{"line":180,"column":0},"end":{"line":180,"column":22}},"180":{"start":{"line":181,"column":0},"end":{"line":181,"column":15}},"181":{"start":{"line":182,"column":0},"end":{"line":182,"column":39}},"182":{"start":{"line":183,"column":0},"end":{"line":183,"column":15}},"183":{"start":{"line":184,"column":0},"end":{"line":184,"column":45}},"184":{"start":{"line":185,"column":0},"end":{"line":185,"column":15}},"185":{"start":{"line":186,"column":0},"end":{"line":186,"column":45}},"186":{"start":{"line":187,"column":0},"end":{"line":187,"column":16}},"187":{"start":{"line":188,"column":0},"end":{"line":188,"column":39}},"188":{"start":{"line":189,"column":0},"end":{"line":189,"column":7}},"189":{"start":{"line":190,"column":0},"end":{"line":190,"column":12}},"190":{"start":{"line":191,"column":0},"end":{"line":191,"column":22}},"191":{"start":{"line":192,"column":0},"end":{"line":192,"column":15}},"192":{"start":{"line":193,"column":0},"end":{"line":193,"column":35}},"193":{"start":{"line":194,"column":0},"end":{"line":194,"column":15}},"194":{"start":{"line":195,"column":0},"end":{"line":195,"column":41}},"195":{"start":{"line":196,"column":0},"end":{"line":196,"column":15}},"196":{"start":{"line":197,"column":0},"end":{"line":197,"column":41}},"197":{"start":{"line":198,"column":0},"end":{"line":198,"column":15}},"198":{"start":{"line":199,"column":0},"end":{"line":199,"column":41}},"199":{"start":{"line":200,"column":0},"end":{"line":200,"column":16}},"200":{"start":{"line":201,"column":0},"end":{"line":201,"column":35}},"201":{"start":{"line":202,"column":0},"end":{"line":202,"column":7}},"202":{"start":{"line":203,"column":0},"end":{"line":203,"column":5}},"203":{"start":{"line":204,"column":0},"end":{"line":204,"column":3}},"204":{"start":{"line":205,"column":0},"end":{"line":205,"column":2}},"205":{"start":{"line":206,"column":0},"end":{"line":206,"column":40}},"206":{"start":{"line":207,"column":0},"end":{"line":207,"column":26}},"207":{"start":{"line":208,"column":0},"end":{"line":208,"column":28}},"208":{"start":{"line":209,"column":0},"end":{"line":209,"column":15}},"209":{"start":{"line":210,"column":0},"end":{"line":210,"column":5}},"210":{"start":{"line":211,"column":0},"end":{"line":211,"column":4}},"211":{"start":{"line":212,"column":0},"end":{"line":212,"column":34}},"212":{"start":{"line":213,"column":0},"end":{"line":213,"column":73}},"213":{"start":{"line":214,"column":0},"end":{"line":214,"column":31}},"214":{"start":{"line":215,"column":0},"end":{"line":215,"column":18}},"215":{"start":{"line":216,"column":0},"end":{"line":216,"column":3}},"216":{"start":{"line":217,"column":0},"end":{"line":217,"column":2}},"217":{"start":{"line":218,"column":0},"end":{"line":218,"column":22}},"218":{"start":{"line":219,"column":0},"end":{"line":219,"column":26}},"219":{"start":{"line":220,"column":0},"end":{"line":220,"column":3}},"220":{"start":{"line":221,"column":0},"end":{"line":221,"column":2}},"221":{"start":{"line":222,"column":0},"end":{"line":222,"column":22}},"222":{"start":{"line":223,"column":0},"end":{"line":223,"column":28}},"223":{"start":{"line":224,"column":0},"end":{"line":224,"column":3}},"224":{"start":{"line":225,"column":0},"end":{"line":225,"column":2}},"225":{"start":{"line":226,"column":0},"end":{"line":226,"column":20}},"226":{"start":{"line":227,"column":0},"end":{"line":227,"column":26}},"227":{"start":{"line":228,"column":0},"end":{"line":228,"column":3}},"228":{"start":{"line":229,"column":0},"end":{"line":229,"column":2}},"229":{"start":{"line":230,"column":0},"end":{"line":230,"column":25}},"230":{"start":{"line":231,"column":0},"end":{"line":231,"column":31}},"231":{"start":{"line":232,"column":0},"end":{"line":232,"column":3}},"232":{"start":{"line":233,"column":0},"end":{"line":233,"column":2}},"233":{"start":{"line":234,"column":0},"end":{"line":234,"column":28}},"234":{"start":{"line":235,"column":0},"end":{"line":235,"column":34}},"235":{"start":{"line":236,"column":0},"end":{"line":236,"column":3}},"236":{"start":{"line":237,"column":0},"end":{"line":237,"column":2}},"237":{"start":{"line":238,"column":0},"end":{"line":238,"column":30}},"238":{"start":{"line":239,"column":0},"end":{"line":239,"column":36}},"239":{"start":{"line":240,"column":0},"end":{"line":240,"column":3}},"240":{"start":{"line":241,"column":0},"end":{"line":241,"column":2}},"241":{"start":{"line":242,"column":0},"end":{"line":242,"column":50}},"242":{"start":{"line":243,"column":0},"end":{"line":243,"column":31}},"243":{"start":{"line":244,"column":0},"end":{"line":244,"column":3}},"244":{"start":{"line":245,"column":0},"end":{"line":245,"column":2}},"245":{"start":{"line":246,"column":0},"end":{"line":246,"column":33}},"246":{"start":{"line":247,"column":0},"end":{"line":247,"column":42}},"247":{"start":{"line":248,"column":0},"end":{"line":248,"column":3}},"248":{"start":{"line":249,"column":0},"end":{"line":249,"column":2}},"249":{"start":{"line":250,"column":0},"end":{"line":250,"column":33}},"250":{"start":{"line":251,"column":0},"end":{"line":251,"column":42}},"251":{"start":{"line":252,"column":0},"end":{"line":252,"column":3}},"252":{"start":{"line":253,"column":0},"end":{"line":253,"column":2}},"253":{"start":{"line":254,"column":0},"end":{"line":254,"column":33}},"254":{"start":{"line":255,"column":0},"end":{"line":255,"column":42}},"255":{"start":{"line":256,"column":0},"end":{"line":256,"column":28}},"256":{"start":{"line":257,"column":0},"end":{"line":257,"column":3}},"257":{"start":{"line":258,"column":0},"end":{"line":258,"column":1}},"258":{"start":{"line":259,"column":0},"end":{"line":259,"column":0}},"259":{"start":{"line":260,"column":0},"end":{"line":260,"column":27}}},"s":{"0":1,"1":1,"2":1,"3":1,"4":1,"5":1,"6":1,"7":1,"8":1,"9":1,"10":1,"11":1,"12":1,"13":1,"14":1,"15":1,"16":1,"17":1,"18":1,"19":1,"20":1,"21":1,"22":1,"23":1,"24":1,"25":1,"26":1,"27":1,"28":1,"29":1,"30":1,"31":1,"32":1,"33":1,"34":1,"35":1,"36":1,"37":1,"38":1,"39":1,"40":1,"41":1,"42":1,"43":1,"44":1,"45":1,"46":1,"47":1,"48":1,"49":1,"50":1,"51":1,"52":1,"53":1,"54":1,"55":1,"56":1,"57":1,"58":1,"59":1,"60":1,"61":1,"62":1,"63":1,"64":1,"65":23,"66":23,"67":23,"68":1,"69":1,"70":24,"71":24,"72":24,"73":24,"74":24,"75":24,"76":24,"77":24,"78":24,"79":24,"80":24,"81":1,"82":1,"83":1,"84":1,"85":1,"86":1,"87":11,"88":11,"89":1,"90":1,"91":0,"92":0,"93":1,"94":1,"95":0,"96":0,"97":1,"98":1,"99":0,"100":0,"101":1,"102":1,"103":28,"104":28,"105":1,"106":1,"107":24,"108":24,"109":24,"110":1,"111":1,"112":0,"113":0,"114":0,"115":1,"116":1,"117":0,"118":0,"119":0,"120":1,"121":1,"122":22,"123":22,"124":22,"125":22,"126":22,"127":22,"128":22,"129":22,"130":22,"131":4,"132":4,"133":4,"134":22,"135":9,"136":9,"137":9,"138":9,"139":8,"140":8,"141":8,"142":8,"143":22,"144":22,"145":13,"146":2,"147":2,"148":13,"149":11,"150":11,"151":13,"152":13,"153":22,"154":22,"155":19,"156":19,"157":22,"158":22,"159":22,"160":22,"161":1,"162":1,"163":8,"164":8,"165":4,"166":8,"167":3,"168":8,"169":1,"170":8,"171":0,"172":8,"173":0,"174":8,"175":8,"176":1,"177":1,"178":4,"179":1,"180":1,"181":1,"182":1,"183":0,"184":1,"185":0,"186":1,"187":0,"188":1,"189":4,"190":3,"191":3,"192":1,"193":3,"194":1,"195":3,"196":1,"197":3,"198":0,"199":3,"200":0,"201":3,"202":3,"203":4,"204":1,"205":1,"206":0,"207":0,"208":0,"209":0,"210":0,"211":0,"212":0,"213":0,"214":0,"215":0,"216":1,"217":1,"218":0,"219":0,"220":1,"221":1,"222":0,"223":0,"224":1,"225":1,"226":0,"227":0,"228":1,"229":1,"230":0,"231":0,"232":1,"233":1,"234":0,"235":0,"236":1,"237":1,"238":0,"239":0,"240":1,"241":1,"242":0,"243":0,"244":1,"245":1,"246":0,"247":0,"248":1,"249":1,"250":0,"251":0,"252":1,"253":1,"254":0,"255":0,"256":0,"257":1,"258":1,"259":1},"branchMap":{"0":{"type":"branch","line":65,"loc":{"start":{"line":65,"column":2},"end":{"line":68,"column":3}},"locations":[{"start":{"line":65,"column":2},"end":{"line":68,"column":3}}]},"1":{"type":"branch","line":70,"loc":{"start":{"line":70,"column":10},"end":{"line":81,"column":3}},"locations":[{"start":{"line":70,"column":10},"end":{"line":81,"column":3}}]},"2":{"type":"branch","line":83,"loc":{"start":{"line":83,"column":2},"end":{"line":85,"column":3}},"locations":[{"start":{"line":83,"column":2},"end":{"line":85,"column":3}}]},"3":{"type":"branch","line":87,"loc":{"start":{"line":87,"column":2},"end":{"line":89,"column":3}},"locations":[{"start":{"line":87,"column":2},"end":{"line":89,"column":3}}]},"4":{"type":"branch","line":103,"loc":{"start":{"line":103,"column":2},"end":{"line":105,"column":3}},"locations":[{"start":{"line":103,"column":2},"end":{"line":105,"column":3}}]},"5":{"type":"branch","line":107,"loc":{"start":{"line":107,"column":2},"end":{"line":110,"column":3}},"locations":[{"start":{"line":107,"column":2},"end":{"line":110,"column":3}}]},"6":{"type":"branch","line":122,"loc":{"start":{"line":122,"column":2},"end":{"line":161,"column":3}},"locations":[{"start":{"line":122,"column":2},"end":{"line":161,"column":3}}]},"7":{"type":"branch","line":131,"loc":{"start":{"line":131,"column":17},"end":{"line":135,"column":15}},"locations":[{"start":{"line":131,"column":17},"end":{"line":135,"column":15}}]},"8":{"type":"branch","line":135,"loc":{"start":{"line":135,"column":4},"end":{"line":143,"column":5}},"locations":[{"start":{"line":135,"column":4},"end":{"line":143,"column":5}}]},"9":{"type":"branch","line":135,"loc":{"start":{"line":135,"column":34},"end":{"line":143,"column":5}},"locations":[{"start":{"line":135,"column":34},"end":{"line":143,"column":5}}]},"10":{"type":"branch","line":139,"loc":{"start":{"line":139,"column":33},"end":{"line":143,"column":5}},"locations":[{"start":{"line":139,"column":33},"end":{"line":143,"column":5}}]},"11":{"type":"branch","line":145,"loc":{"start":{"line":145,"column":21},"end":{"line":153,"column":5}},"locations":[{"start":{"line":145,"column":21},"end":{"line":153,"column":5}}]},"12":{"type":"branch","line":146,"loc":{"start":{"line":146,"column":26},"end":{"line":149,"column":13}},"locations":[{"start":{"line":146,"column":26},"end":{"line":149,"column":13}}]},"13":{"type":"branch","line":149,"loc":{"start":{"line":149,"column":6},"end":{"line":151,"column":7}},"locations":[{"start":{"line":149,"column":6},"end":{"line":151,"column":7}}]},"14":{"type":"branch","line":155,"loc":{"start":{"line":155,"column":26},"end":{"line":157,"column":5}},"locations":[{"start":{"line":155,"column":26},"end":{"line":157,"column":5}}]},"15":{"type":"branch","line":163,"loc":{"start":{"line":163,"column":10},"end":{"line":176,"column":3}},"locations":[{"start":{"line":163,"column":10},"end":{"line":176,"column":3}}]},"16":{"type":"branch","line":165,"loc":{"start":{"line":165,"column":6},"end":{"line":166,"column":34}},"locations":[{"start":{"line":165,"column":6},"end":{"line":166,"column":34}}]},"17":{"type":"branch","line":167,"loc":{"start":{"line":167,"column":6},"end":{"line":168,"column":34}},"locations":[{"start":{"line":167,"column":6},"end":{"line":168,"column":34}}]},"18":{"type":"branch","line":169,"loc":{"start":{"line":169,"column":6},"end":{"line":170,"column":34}},"locations":[{"start":{"line":169,"column":6},"end":{"line":170,"column":34}}]},"19":{"type":"branch","line":171,"loc":{"start":{"line":171,"column":6},"end":{"line":172,"column":34}},"locations":[{"start":{"line":171,"column":6},"end":{"line":172,"column":34}}]},"20":{"type":"branch","line":173,"loc":{"start":{"line":173,"column":6},"end":{"line":174,"column":17}},"locations":[{"start":{"line":173,"column":6},"end":{"line":174,"column":17}}]},"21":{"type":"branch","line":178,"loc":{"start":{"line":178,"column":10},"end":{"line":204,"column":3}},"locations":[{"start":{"line":178,"column":10},"end":{"line":204,"column":3}}]},"22":{"type":"branch","line":179,"loc":{"start":{"line":179,"column":16},"end":{"line":190,"column":11}},"locations":[{"start":{"line":179,"column":16},"end":{"line":190,"column":11}}]},"23":{"type":"branch","line":183,"loc":{"start":{"line":183,"column":8},"end":{"line":184,"column":45}},"locations":[{"start":{"line":183,"column":8},"end":{"line":184,"column":45}}]},"24":{"type":"branch","line":185,"loc":{"start":{"line":185,"column":8},"end":{"line":186,"column":45}},"locations":[{"start":{"line":185,"column":8},"end":{"line":186,"column":45}}]},"25":{"type":"branch","line":187,"loc":{"start":{"line":187,"column":8},"end":{"line":188,"column":39}},"locations":[{"start":{"line":187,"column":8},"end":{"line":188,"column":39}}]},"26":{"type":"branch","line":190,"loc":{"start":{"line":190,"column":4},"end":{"line":203,"column":5}},"locations":[{"start":{"line":190,"column":4},"end":{"line":203,"column":5}}]},"27":{"type":"branch","line":192,"loc":{"start":{"line":192,"column":8},"end":{"line":193,"column":35}},"locations":[{"start":{"line":192,"column":8},"end":{"line":193,"column":35}}]},"28":{"type":"branch","line":194,"loc":{"start":{"line":194,"column":8},"end":{"line":195,"column":41}},"locations":[{"start":{"line":194,"column":8},"end":{"line":195,"column":41}}]},"29":{"type":"branch","line":196,"loc":{"start":{"line":196,"column":8},"end":{"line":197,"column":41}},"locations":[{"start":{"line":196,"column":8},"end":{"line":197,"column":41}}]},"30":{"type":"branch","line":198,"loc":{"start":{"line":198,"column":8},"end":{"line":199,"column":41}},"locations":[{"start":{"line":198,"column":8},"end":{"line":199,"column":41}}]},"31":{"type":"branch","line":200,"loc":{"start":{"line":200,"column":8},"end":{"line":201,"column":35}},"locations":[{"start":{"line":200,"column":8},"end":{"line":201,"column":35}}]}},"b":{"0":[23],"1":[24],"2":[1],"3":[11],"4":[28],"5":[24],"6":[22],"7":[4],"8":[18],"9":[9],"10":[8],"11":[13],"12":[2],"13":[11],"14":[19],"15":[8],"16":[4],"17":[3],"18":[1],"19":[0],"20":[0],"21":[4],"22":[1],"23":[0],"24":[0],"25":[0],"26":[3],"27":[1],"28":[1],"29":[1],"30":[0],"31":[0]},"fnMap":{"0":{"name":"ScoreSystem","decl":{"start":{"line":65,"column":2},"end":{"line":68,"column":3}},"loc":{"start":{"line":65,"column":2},"end":{"line":68,"column":3}},"line":65},"1":{"name":"createInitialState","decl":{"start":{"line":70,"column":10},"end":{"line":81,"column":3}},"loc":{"start":{"line":70,"column":10},"end":{"line":81,"column":3}},"line":70},"2":{"name":"reset","decl":{"start":{"line":83,"column":2},"end":{"line":85,"column":3}},"loc":{"start":{"line":83,"column":2},"end":{"line":85,"column":3}},"line":83},"3":{"name":"getState","decl":{"start":{"line":87,"column":2},"end":{"line":89,"column":3}},"loc":{"start":{"line":87,"column":2},"end":{"line":89,"column":3}},"line":87},"4":{"name":"getScore","decl":{"start":{"line":91,"column":2},"end":{"line":93,"column":3}},"loc":{"start":{"line":91,"column":2},"end":{"line":93,"column":3}},"line":91},"5":{"name":"getLines","decl":{"start":{"line":95,"column":2},"end":{"line":97,"column":3}},"loc":{"start":{"line":95,"column":2},"end":{"line":97,"column":3}},"line":95},"6":{"name":"getLevel","decl":{"start":{"line":99,"column":2},"end":{"line":101,"column":3}},"loc":{"start":{"line":99,"column":2},"end":{"line":101,"column":3}},"line":99},"7":{"name":"updateLevel","decl":{"start":{"line":103,"column":2},"end":{"line":105,"column":3}},"loc":{"start":{"line":103,"column":2},"end":{"line":105,"column":3}},"line":103},"8":{"name":"addLines","decl":{"start":{"line":107,"column":2},"end":{"line":110,"column":3}},"loc":{"start":{"line":107,"column":2},"end":{"line":110,"column":3}},"line":107},"9":{"name":"addSoftDrop","decl":{"start":{"line":112,"column":2},"end":{"line":115,"column":3}},"loc":{"start":{"line":112,"column":2},"end":{"line":115,"column":3}},"line":112},"10":{"name":"addHardDrop","decl":{"start":{"line":117,"column":2},"end":{"line":120,"column":3}},"loc":{"start":{"line":117,"column":2},"end":{"line":120,"column":3}},"line":117},"11":{"name":"addLineClear","decl":{"start":{"line":122,"column":2},"end":{"line":161,"column":3}},"loc":{"start":{"line":122,"column":2},"end":{"line":161,"column":3}},"line":122},"12":{"name":"calculateLineClearScore","decl":{"start":{"line":163,"column":10},"end":{"line":176,"column":3}},"loc":{"start":{"line":163,"column":10},"end":{"line":176,"column":3}},"line":163},"13":{"name":"calculateTSpinScore","decl":{"start":{"line":178,"column":10},"end":{"line":204,"column":3}},"loc":{"start":{"line":178,"column":10},"end":{"line":204,"column":3}},"line":178},"14":{"name":"addCombo","decl":{"start":{"line":206,"column":2},"end":{"line":216,"column":3}},"loc":{"start":{"line":206,"column":2},"end":{"line":216,"column":3}},"line":206},"15":{"name":"resetCombo","decl":{"start":{"line":218,"column":2},"end":{"line":220,"column":3}},"loc":{"start":{"line":218,"column":2},"end":{"line":220,"column":3}},"line":218},"16":{"name":"getCombo","decl":{"start":{"line":222,"column":2},"end":{"line":224,"column":3}},"loc":{"start":{"line":222,"column":2},"end":{"line":224,"column":3}},"line":222},"17":{"name":"isBtb","decl":{"start":{"line":226,"column":2},"end":{"line":228,"column":3}},"loc":{"start":{"line":226,"column":2},"end":{"line":228,"column":3}},"line":226},"18":{"name":"getBtbCount","decl":{"start":{"line":230,"column":2},"end":{"line":232,"column":3}},"loc":{"start":{"line":230,"column":2},"end":{"line":232,"column":3}},"line":230},"19":{"name":"getTotalTSpins","decl":{"start":{"line":234,"column":2},"end":{"line":236,"column":3}},"loc":{"start":{"line":234,"column":2},"end":{"line":236,"column":3}},"line":234},"20":{"name":"getTotalTetrises","decl":{"start":{"line":238,"column":2},"end":{"line":240,"column":3}},"loc":{"start":{"line":238,"column":2},"end":{"line":240,"column":3}},"line":238},"21":{"name":"addBonus","decl":{"start":{"line":242,"column":2},"end":{"line":244,"column":3}},"loc":{"start":{"line":242,"column":2},"end":{"line":244,"column":3}},"line":242},"22":{"name":"setLevel","decl":{"start":{"line":246,"column":2},"end":{"line":248,"column":3}},"loc":{"start":{"line":246,"column":2},"end":{"line":248,"column":3}},"line":246},"23":{"name":"setScore","decl":{"start":{"line":250,"column":2},"end":{"line":252,"column":3}},"loc":{"start":{"line":250,"column":2},"end":{"line":252,"column":3}},"line":250},"24":{"name":"setLines","decl":{"start":{"line":254,"column":2},"end":{"line":257,"column":3}},"loc":{"start":{"line":254,"column":2},"end":{"line":257,"column":3}},"line":254}},"f":{"0":23,"1":24,"2":1,"3":11,"4":0,"5":0,"6":0,"7":28,"8":24,"9":0,"10":0,"11":22,"12":8,"13":4,"14":0,"15":0,"16":0,"17":0,"18":0,"19":0,"20":0,"21":0,"22":0,"23":0,"24":0}}
}
